# JRE version: OpenJDK Runtime Environment (17.0.10) (build 17.0.10+0--11609105)
# Java VM: OpenJDK 64-Bit Server VM (17.0.10+0--11609105, mixed mode, tiered, compressed oops, compressed class ptrs, g1 gc, windows-amd64)
GC Precious Log:
 CPUs: 8 total, 8 available
 Memory: 7502M
 Large Page Support: Disabled
 NUMA Support: Disabled
 Compressed Oops: Enabled (32-bit)
 Heap Region Size: 1M
 Heap Min Capacity: 8M
 Heap Initial Capacity: 118M
 Heap Max Capacity: 2G
 Pre-touch: Disabled
 Parallel Workers: 8
 Concurrent Workers: 2
 Concurrent Refinement Workers: 8
 Periodic GC: Disabled
Heap:
 garbage-first heap   total 362496K, used 220537K [0x0000000080000000, 0x0000000100000000)
  region size 1024K, 16 young (16384K), 4 survivors (4096K)
 Metaspace       used 178423K, committed 179328K, reserved 1245184K
  class space    used 23202K, committed 23616K, reserved 1048576K
GC Heap History (20 events):
Event: 51.500 GC heap before
{Heap before GC invocations=61 (full 0):
 garbage-first heap   total 295936K, used 246333K [0x0000000080000000, 0x0000000100000000)
  region size 1024K, 61 young (62464K), 6 survivors (6144K)
 Metaspace       used 147958K, committed 148736K, reserved 1179648K
  class space    used 19066K, committed 19456K, reserved 1048576K
}
Event: 51.516 GC heap after
{Heap after GC invocations=62 (full 0):
 garbage-first heap   total 295936K, used 198773K [0x0000000080000000, 0x0000000100000000)
  region size 1024K, 8 young (8192K), 8 survivors (8192K)
 Metaspace       used 147958K, committed 148736K, reserved 1179648K
  class space    used 19066K, committed 19456K, reserved 1048576K
}
Event: 52.893 GC heap before
{Heap before GC invocations=63 (full 0):
 garbage-first heap   total 339968K, used 243829K [0x0000000080000000, 0x0000000100000000)
  region size 1024K, 52 young (53248K), 8 survivors (8192K)
 Metaspace       used 151698K, committed 152512K, reserved 1245184K
  class space    used 19453K, committed 19840K, reserved 1048576K
}
Event: 52.903 GC heap after
{Heap after GC invocations=64 (full 0):
 garbage-first heap   total 339968K, used 201013K [0x0000000080000000, 0x0000000100000000)
  region size 1024K, 3 young (3072K), 3 survivors (3072K)
 Metaspace       used 151698K, committed 152512K, reserved 1245184K
  class space    used 19453K, committed 19840K, reserved 1048576K
}
Event: 53.168 GC heap before
{Heap before GC invocations=64 (full 0):
 garbage-first heap   total 339968K, used 214325K [0x0000000080000000, 0x0000000100000000)
  region size 1024K, 16 young (16384K), 3 survivors (3072K)
 Metaspace       used 152552K, committed 153408K, reserved 1245184K
  class space    used 19569K, committed 19968K, reserved 1048576K
}
Event: 53.176 GC heap after
{Heap after GC invocations=65 (full 0):
 garbage-first heap   total 339968K, used 198245K [0x0000000080000000, 0x0000000100000000)
  region size 1024K, 2 young (2048K), 2 survivors (2048K)
 Metaspace       used 152552K, committed 153408K, reserved 1245184K
  class space    used 19569K, committed 19968K, reserved 1048576K
}
Event: 55.056 GC heap before
{Heap before GC invocations=65 (full 0):
 garbage-first heap   total 339968K, used 282213K [0x0000000080000000, 0x0000000100000000)
  region size 1024K, 84 young (86016K), 2 survivors (2048K)
 Metaspace       used 158215K, committed 159104K, reserved 1245184K
  class space    used 20563K, committed 20992K, reserved 1048576K
}
Event: 55.063 GC heap after
{Heap after GC invocations=66 (full 0):
 garbage-first heap   total 339968K, used 200382K [0x0000000080000000, 0x0000000100000000)
  region size 1024K, 4 young (4096K), 4 survivors (4096K)
 Metaspace       used 158215K, committed 159104K, reserved 1245184K
  class space    used 20563K, committed 20992K, reserved 1048576K
}
Event: 56.084 GC heap before
{Heap before GC invocations=66 (full 0):
 garbage-first heap   total 339968K, used 254654K [0x0000000080000000, 0x0000000100000000)
  region size 1024K, 56 young (57344K), 4 survivors (4096K)
 Metaspace       used 161611K, committed 162496K, reserved 1245184K
  class space    used 21017K, committed 21440K, reserved 1048576K
}
Event: 56.094 GC heap after
{Heap after GC invocations=67 (full 0):
 garbage-first heap   total 339968K, used 200770K [0x0000000080000000, 0x0000000100000000)
  region size 1024K, 8 young (8192K), 8 survivors (8192K)
 Metaspace       used 161611K, committed 162496K, reserved 1245184K
  class space    used 21017K, committed 21440K, reserved 1048576K
}
Event: 56.494 GC heap before
{Heap before GC invocations=67 (full 0):
 garbage-first heap   total 339968K, used 213058K [0x0000000080000000, 0x0000000100000000)
  region size 1024K, 19 young (19456K), 8 survivors (8192K)
 Metaspace       used 163369K, committed 164224K, reserved 1245184K
  class space    used 21151K, committed 21568K, reserved 1048576K
}
Event: 56.507 GC heap after
{Heap after GC invocations=68 (full 0):
 garbage-first heap   total 339968K, used 198927K [0x0000000080000000, 0x0000000100000000)
  region size 1024K, 6 young (6144K), 6 survivors (6144K)
 Metaspace       used 163369K, committed 164224K, reserved 1245184K
  class space    used 21151K, committed 21568K, reserved 1048576K
}
Event: 56.532 GC heap before
{Heap before GC invocations=68 (full 0):
 garbage-first heap   total 339968K, used 204047K [0x0000000080000000, 0x0000000100000000)
  region size 1024K, 7 young (7168K), 6 survivors (6144K)
 Metaspace       used 163369K, committed 164224K, reserved 1245184K
  class space    used 21151K, committed 21568K, reserved 1048576K
}
Event: 56.539 GC heap after
{Heap after GC invocations=69 (full 0):
 garbage-first heap   total 339968K, used 204503K [0x0000000080000000, 0x0000000100000000)
  region size 1024K, 7 young (7168K), 7 survivors (7168K)
 Metaspace       used 163369K, committed 164224K, reserved 1245184K
  class space    used 21151K, committed 21568K, reserved 1048576K
}
Event: 57.574 GC heap before
{Heap before GC invocations=70 (full 0):
 garbage-first heap   total 362496K, used 270039K [0x0000000080000000, 0x0000000100000000)
  region size 1024K, 63 young (64512K), 7 survivors (7168K)
 Metaspace       used 168962K, committed 169920K, reserved 1245184K
  class space    used 21982K, committed 22464K, reserved 1048576K
}
Event: 57.587 GC heap after
{Heap after GC invocations=71 (full 0):
 garbage-first heap   total 362496K, used 219591K [0x0000000080000000, 0x0000000100000000)
  region size 1024K, 8 young (8192K), 8 survivors (8192K)
 Metaspace       used 168962K, committed 169920K, reserved 1245184K
  class space    used 21982K, committed 22464K, reserved 1048576K
}
Event: 57.876 GC heap before
{Heap before GC invocations=71 (full 0):
 garbage-first heap   total 362496K, used 229831K [0x0000000080000000, 0x0000000100000000)
  region size 1024K, 17 young (17408K), 8 survivors (8192K)
 Metaspace       used 171045K, committed 171968K, reserved 1245184K
  class space    used 22151K, committed 22592K, reserved 1048576K
}
Event: 57.883 GC heap after
{Heap after GC invocations=72 (full 0):
 garbage-first heap   total 362496K, used 206450K [0x0000000080000000, 0x0000000100000000)
  region size 1024K, 1 young (1024K), 1 survivors (1024K)
 Metaspace       used 171045K, committed 171968K, reserved 1245184K
  class space    used 22151K, committed 22592K, reserved 1048576K
}
Event: 59.647 GC heap before
{Heap before GC invocations=72 (full 0):
 garbage-first heap   total 362496K, used 275058K [0x0000000080000000, 0x0000000100000000)
  region size 1024K, 68 young (69632K), 1 survivors (1024K)
 Metaspace       used 177443K, committed 178432K, reserved 1245184K
  class space    used 23054K, committed 23552K, reserved 1048576K
}
Event: 59.656 GC heap after
{Heap after GC invocations=73 (full 0):
 garbage-first heap   total 362496K, used 209273K [0x0000000080000000, 0x0000000100000000)
  region size 1024K, 4 young (4096K), 4 survivors (4096K)
 Metaspace       used 177443K, committed 178432K, reserved 1245184K
  class space    used 23054K, committed 23552K, reserved 1048576K
}

