# JRE version: OpenJDK Runtime Environment (17.0.10) (build 17.0.10+0--11609105)
# Java VM: OpenJDK 64-Bit Server VM (17.0.10+0--11609105, mixed mode, tiered, compressed oops, compressed class ptrs, g1 gc, windows-amd64)
GC Precious Log:
 CPUs: 8 total, 8 available
 Memory: 7502M
 Large Page Support: Disabled
 NUMA Support: Disabled
 Compressed Oops: Enabled (32-bit)
 Heap Region Size: 1M
 Heap Min Capacity: 8M
 Heap Initial Capacity: 118M
 Heap Max Capacity: 2G
 Pre-touch: Disabled
 Parallel Workers: 8
 Concurrent Workers: 2
 Concurrent Refinement Workers: 8
 Periodic GC: Disabled
Heap:
 garbage-first heap   total 537600K, used 325256K [0x0000000080000000, 0x0000000100000000)
  region size 1024K, 2 young (2048K), 2 survivors (2048K)
 Metaspace       used 200897K, committed 202112K, reserved 1245184K
  class space    used 25535K, committed 26112K, reserved 1048576K
GC Heap History (20 events):
Event: 75.455 GC heap after
{Heap after GC invocations=109 (full 0):
 garbage-first heap   total 334848K, used 291956K [0x0000000080000000, 0x0000000100000000)
  region size 1024K, 2 young (2048K), 2 survivors (2048K)
 Metaspace       used 193323K, committed 194560K, reserved 1245184K
  class space    used 24664K, committed 25280K, reserved 1048576K
}
Event: 75.703 GC heap before
{Heap before GC invocations=109 (full 0):
 garbage-first heap   total 334848K, used 305268K [0x0000000080000000, 0x0000000100000000)
  region size 1024K, 16 young (16384K), 2 survivors (2048K)
 Metaspace       used 195950K, committed 197184K, reserved 1245184K
  class space    used 25045K, committed 25664K, reserved 1048576K
}
Event: 75.706 GC heap after
{Heap after GC invocations=110 (full 0):
 garbage-first heap   total 334848K, used 292579K [0x0000000080000000, 0x0000000100000000)
  region size 1024K, 2 young (2048K), 2 survivors (2048K)
 Metaspace       used 195950K, committed 197184K, reserved 1245184K
  class space    used 25045K, committed 25664K, reserved 1048576K
}
Event: 76.226 GC heap before
{Heap before GC invocations=110 (full 0):
 garbage-first heap   total 334848K, used 305891K [0x0000000080000000, 0x0000000100000000)
  region size 1024K, 16 young (16384K), 2 survivors (2048K)
 Metaspace       used 198708K, committed 199936K, reserved 1245184K
  class space    used 25327K, committed 25920K, reserved 1048576K
}
Event: 76.230 GC heap after
{Heap after GC invocations=111 (full 0):
 garbage-first heap   total 334848K, used 293618K [0x0000000080000000, 0x0000000100000000)
  region size 1024K, 2 young (2048K), 2 survivors (2048K)
 Metaspace       used 198708K, committed 199936K, reserved 1245184K
  class space    used 25327K, committed 25920K, reserved 1048576K
}
Event: 76.440 GC heap before
{Heap before GC invocations=111 (full 0):
 garbage-first heap   total 334848K, used 306930K [0x0000000080000000, 0x0000000100000000)
  region size 1024K, 16 young (16384K), 2 survivors (2048K)
 Metaspace       used 199264K, committed 200448K, reserved 1245184K
  class space    used 25384K, committed 25984K, reserved 1048576K
}
Event: 76.444 GC heap after
{Heap after GC invocations=112 (full 0):
 garbage-first heap   total 334848K, used 297058K [0x0000000080000000, 0x0000000100000000)
  region size 1024K, 2 young (2048K), 2 survivors (2048K)
 Metaspace       used 199264K, committed 200448K, reserved 1245184K
  class space    used 25384K, committed 25984K, reserved 1048576K
}
Event: 76.758 GC heap before
{Heap before GC invocations=112 (full 0):
 garbage-first heap   total 334848K, used 311394K [0x0000000080000000, 0x0000000100000000)
  region size 1024K, 16 young (16384K), 2 survivors (2048K)
 Metaspace       used 200454K, committed 201664K, reserved 1245184K
  class space    used 25483K, committed 26048K, reserved 1048576K
}
Event: 76.762 GC heap after
{Heap after GC invocations=113 (full 0):
 garbage-first heap   total 334848K, used 299199K [0x0000000080000000, 0x0000000100000000)
  region size 1024K, 2 young (2048K), 2 survivors (2048K)
 Metaspace       used 200454K, committed 201664K, reserved 1245184K
  class space    used 25483K, committed 26048K, reserved 1048576K
}
Event: 77.008 GC heap before
{Heap before GC invocations=113 (full 0):
 garbage-first heap   total 334848K, used 305343K [0x0000000080000000, 0x0000000100000000)
  region size 1024K, 9 young (9216K), 2 survivors (2048K)
 Metaspace       used 200813K, committed 202048K, reserved 1245184K
  class space    used 25534K, committed 26112K, reserved 1048576K
}
Event: 77.012 GC heap after
{Heap after GC invocations=114 (full 0):
 garbage-first heap   total 334848K, used 300058K [0x0000000080000000, 0x0000000100000000)
  region size 1024K, 1 young (1024K), 1 survivors (1024K)
 Metaspace       used 200813K, committed 202048K, reserved 1245184K
  class space    used 25534K, committed 26112K, reserved 1048576K
}
Event: 77.047 GC heap before
{Heap before GC invocations=114 (full 0):
 garbage-first heap   total 334848K, used 322586K [0x0000000080000000, 0x0000000100000000)
  region size 1024K, 16 young (16384K), 1 survivors (1024K)
 Metaspace       used 200813K, committed 202048K, reserved 1245184K
  class space    used 25534K, committed 26112K, reserved 1048576K
}
Event: 77.051 GC heap after
{Heap after GC invocations=115 (full 0):
 garbage-first heap   total 334848K, used 311755K [0x0000000080000000, 0x0000000100000000)
  region size 1024K, 2 young (2048K), 2 survivors (2048K)
 Metaspace       used 200813K, committed 202048K, reserved 1245184K
  class space    used 25534K, committed 26112K, reserved 1048576K
}
Event: 77.109 GC heap before
{Heap before GC invocations=115 (full 0):
 garbage-first heap   total 334848K, used 326091K [0x0000000080000000, 0x0000000100000000)
  region size 1024K, 16 young (16384K), 2 survivors (2048K)
 Metaspace       used 200813K, committed 202048K, reserved 1245184K
  class space    used 25534K, committed 26112K, reserved 1048576K
}
Event: 77.115 GC heap after
{Heap after GC invocations=116 (full 0):
 garbage-first heap   total 334848K, used 316554K [0x0000000080000000, 0x0000000100000000)
  region size 1024K, 2 young (2048K), 2 survivors (2048K)
 Metaspace       used 200813K, committed 202048K, reserved 1245184K
  class space    used 25534K, committed 26112K, reserved 1048576K
}
Event: 77.151 GC heap before
{Heap before GC invocations=116 (full 0):
 garbage-first heap   total 334848K, used 324746K [0x0000000080000000, 0x0000000100000000)
  region size 1024K, 11 young (11264K), 2 survivors (2048K)
 Metaspace       used 200831K, committed 202048K, reserved 1245184K
  class space    used 25534K, committed 26112K, reserved 1048576K
}
Event: 77.155 GC heap after
{Heap after GC invocations=117 (full 0):
 garbage-first heap   total 334848K, used 311740K [0x0000000080000000, 0x0000000100000000)
  region size 1024K, 2 young (2048K), 2 survivors (2048K)
 Metaspace       used 200831K, committed 202048K, reserved 1245184K
  class space    used 25534K, committed 26112K, reserved 1048576K
}
Event: 77.251 GC heap before
{Heap before GC invocations=117 (full 0):
 garbage-first heap   total 334848K, used 327100K [0x0000000080000000, 0x0000000100000000)
  region size 1024K, 11 young (11264K), 2 survivors (2048K)
 Metaspace       used 200897K, committed 202112K, reserved 1245184K
  class space    used 25535K, committed 26112K, reserved 1048576K
}
Event: 77.255 GC heap after
{Heap after GC invocations=118 (full 0):
 garbage-first heap   total 334848K, used 321060K [0x0000000080000000, 0x0000000100000000)
  region size 1024K, 2 young (2048K), 2 survivors (2048K)
 Metaspace       used 200897K, committed 202112K, reserved 1245184K
  class space    used 25535K, committed 26112K, reserved 1048576K
}
Event: 77.320 GC heap before
{Heap before GC invocations=118 (full 0):
 garbage-first heap   total 537600K, used 336420K [0x0000000080000000, 0x0000000100000000)
  region size 1024K, 16 young (16384K), 2 survivors (2048K)
 Metaspace       used 200897K, committed 202112K, reserved 1245184K
  class space    used 25535K, committed 26112K, reserved 1048576K
}

