# JRE version: OpenJDK Runtime Environment (17.0.11) (build 17.0.11+0--11852314)
# Java VM: OpenJDK 64-Bit Server VM (17.0.11+0--11852314, mixed mode, tiered, compressed oops, compressed class ptrs, g1 gc, windows-amd64)
GC Precious Log:
 CPUs: 8 total, 8 available
 Memory: 7502M
 Large Page Support: Disabled
 NUMA Support: Disabled
 Compressed Oops: Enabled (32-bit)
 Heap Region Size: 1M
 Heap Min Capacity: 8M
 Heap Initial Capacity: 118M
 Heap Max Capacity: 2G
 Pre-touch: Disabled
 Parallel Workers: 8
 Concurrent Workers: 2
 Concurrent Refinement Workers: 8
 Periodic GC: Disabled
Heap:
 garbage-first heap   total 517120K, used 309248K [0x0000000080000000, 0x0000000100000000)
  region size 1024K, 2 young (2048K), 2 survivors (2048K)
 Metaspace       used 205642K, committed 206848K, reserved 1245184K
  class space    used 26171K, committed 26752K, reserved 1048576K
GC Heap History (20 events):
Event: 99.699 GC heap after
{Heap after GC invocations=117 (full 0):
 garbage-first heap   total 334848K, used 285855K [0x0000000080000000, 0x0000000100000000)
  region size 1024K, 2 young (2048K), 2 survivors (2048K)
 Metaspace       used 202982K, committed 204160K, reserved 1245184K
  class space    used 25925K, committed 26496K, reserved 1048576K
}
Event: 99.969 GC heap before
{Heap before GC invocations=117 (full 0):
 garbage-first heap   total 334848K, used 299167K [0x0000000080000000, 0x0000000100000000)
  region size 1024K, 16 young (16384K), 2 survivors (2048K)
 Metaspace       used 204293K, committed 205440K, reserved 1245184K
  class space    used 26055K, committed 26624K, reserved 1048576K
}
Event: 99.972 GC heap after
{Heap after GC invocations=118 (full 0):
 garbage-first heap   total 334848K, used 285791K [0x0000000080000000, 0x0000000100000000)
  region size 1024K, 1 young (1024K), 1 survivors (1024K)
 Metaspace       used 204293K, committed 205440K, reserved 1245184K
  class space    used 26055K, committed 26624K, reserved 1048576K
}
Event: 183.448 GC heap before
{Heap before GC invocations=118 (full 0):
 garbage-first heap   total 334848K, used 301151K [0x0000000080000000, 0x0000000100000000)
  region size 1024K, 16 young (16384K), 1 survivors (1024K)
 Metaspace       used 205333K, committed 206464K, reserved 1245184K
  class space    used 26145K, committed 26688K, reserved 1048576K
}
Event: 183.452 GC heap after
{Heap after GC invocations=119 (full 0):
 garbage-first heap   total 334848K, used 286644K [0x0000000080000000, 0x0000000100000000)
  region size 1024K, 2 young (2048K), 2 survivors (2048K)
 Metaspace       used 205333K, committed 206464K, reserved 1245184K
  class space    used 26145K, committed 26688K, reserved 1048576K
}
Event: 183.928 GC heap before
{Heap before GC invocations=119 (full 0):
 garbage-first heap   total 334848K, used 300980K [0x0000000080000000, 0x0000000100000000)
  region size 1024K, 16 young (16384K), 2 survivors (2048K)
 Metaspace       used 205513K, committed 206656K, reserved 1245184K
  class space    used 26166K, committed 26752K, reserved 1048576K
}
Event: 183.936 GC heap after
{Heap after GC invocations=120 (full 0):
 garbage-first heap   total 334848K, used 287276K [0x0000000080000000, 0x0000000100000000)
  region size 1024K, 2 young (2048K), 2 survivors (2048K)
 Metaspace       used 205513K, committed 206656K, reserved 1245184K
  class space    used 26166K, committed 26752K, reserved 1048576K
}
Event: 184.798 GC heap before
{Heap before GC invocations=120 (full 0):
 garbage-first heap   total 334848K, used 300588K [0x0000000080000000, 0x0000000100000000)
  region size 1024K, 16 young (16384K), 2 survivors (2048K)
 Metaspace       used 205574K, committed 206720K, reserved 1245184K
  class space    used 26170K, committed 26752K, reserved 1048576K
}
Event: 184.807 GC heap after
{Heap after GC invocations=121 (full 0):
 garbage-first heap   total 334848K, used 289581K [0x0000000080000000, 0x0000000100000000)
  region size 1024K, 2 young (2048K), 2 survivors (2048K)
 Metaspace       used 205574K, committed 206720K, reserved 1245184K
  class space    used 26170K, committed 26752K, reserved 1048576K
}
Event: 185.058 GC heap before
{Heap before GC invocations=121 (full 0):
 garbage-first heap   total 334848K, used 310061K [0x0000000080000000, 0x0000000100000000)
  region size 1024K, 16 young (16384K), 2 survivors (2048K)
 Metaspace       used 205638K, committed 206848K, reserved 1245184K
  class space    used 26171K, committed 26752K, reserved 1048576K
}
Event: 185.065 GC heap after
{Heap after GC invocations=122 (full 0):
 garbage-first heap   total 334848K, used 299983K [0x0000000080000000, 0x0000000100000000)
  region size 1024K, 2 young (2048K), 2 survivors (2048K)
 Metaspace       used 205638K, committed 206848K, reserved 1245184K
  class space    used 26171K, committed 26752K, reserved 1048576K
}
Event: 185.110 GC heap before
{Heap before GC invocations=122 (full 0):
 garbage-first heap   total 334848K, used 313295K [0x0000000080000000, 0x0000000100000000)
  region size 1024K, 16 young (16384K), 2 survivors (2048K)
 Metaspace       used 205638K, committed 206848K, reserved 1245184K
  class space    used 26171K, committed 26752K, reserved 1048576K
}
Event: 185.117 GC heap after
{Heap after GC invocations=123 (full 0):
 garbage-first heap   total 334848K, used 303371K [0x0000000080000000, 0x0000000100000000)
  region size 1024K, 2 young (2048K), 2 survivors (2048K)
 Metaspace       used 205638K, committed 206848K, reserved 1245184K
  class space    used 26171K, committed 26752K, reserved 1048576K
}
Event: 185.194 GC heap before
{Heap before GC invocations=123 (full 0):
 garbage-first heap   total 334848K, used 317707K [0x0000000080000000, 0x0000000100000000)
  region size 1024K, 16 young (16384K), 2 survivors (2048K)
 Metaspace       used 205638K, committed 206848K, reserved 1245184K
  class space    used 26171K, committed 26752K, reserved 1048576K
}
Event: 185.205 GC heap after
{Heap after GC invocations=124 (full 0):
 garbage-first heap   total 334848K, used 303018K [0x0000000080000000, 0x0000000100000000)
  region size 1024K, 2 young (2048K), 2 survivors (2048K)
 Metaspace       used 205638K, committed 206848K, reserved 1245184K
  class space    used 26171K, committed 26752K, reserved 1048576K
}
Event: 185.263 GC heap before
{Heap before GC invocations=124 (full 0):
 garbage-first heap   total 334848K, used 317354K [0x0000000080000000, 0x0000000100000000)
  region size 1024K, 16 young (16384K), 2 survivors (2048K)
 Metaspace       used 205638K, committed 206848K, reserved 1245184K
  class space    used 26171K, committed 26752K, reserved 1048576K
}
Event: 185.270 GC heap after
{Heap after GC invocations=125 (full 0):
 garbage-first heap   total 334848K, used 307200K [0x0000000080000000, 0x0000000100000000)
  region size 1024K, 2 young (2048K), 2 survivors (2048K)
 Metaspace       used 205638K, committed 206848K, reserved 1245184K
  class space    used 26171K, committed 26752K, reserved 1048576K
}
Event: 185.346 GC heap before
{Heap before GC invocations=125 (full 0):
 garbage-first heap   total 334848K, used 321536K [0x0000000080000000, 0x0000000100000000)
  region size 1024K, 16 young (16384K), 2 survivors (2048K)
 Metaspace       used 205642K, committed 206848K, reserved 1245184K
  class space    used 26171K, committed 26752K, reserved 1048576K
}
Event: 185.354 GC heap after
{Heap after GC invocations=126 (full 0):
 garbage-first heap   total 334848K, used 311799K [0x0000000080000000, 0x0000000100000000)
  region size 1024K, 2 young (2048K), 2 survivors (2048K)
 Metaspace       used 205642K, committed 206848K, reserved 1245184K
  class space    used 26171K, committed 26752K, reserved 1048576K
}
Event: 185.417 GC heap before
{Heap before GC invocations=126 (full 0):
 garbage-first heap   total 517120K, used 318967K [0x0000000080000000, 0x0000000100000000)
  region size 1024K, 16 young (16384K), 2 survivors (2048K)
 Metaspace       used 205642K, committed 206848K, reserved 1245184K
  class space    used 26171K, committed 26752K, reserved 1048576K
}

