# JRE version: OpenJDK Runtime Environment (17.0.10) (build 17.0.10+0--11609105)
# Java VM: OpenJDK 64-Bit Server VM (17.0.10+0--11609105, mixed mode, tiered, compressed oops, compressed class ptrs, g1 gc, windows-amd64)
GC Precious Log:
 CPUs: 8 total, 8 available
 Memory: 7502M
 Large Page Support: Disabled
 NUMA Support: Disabled
 Compressed Oops: Enabled (32-bit)
 Heap Region Size: 1M
 Heap Min Capacity: 8M
 Heap Initial Capacity: 118M
 Heap Max Capacity: 2G
 Pre-touch: Disabled
 Parallel Workers: 8
 Concurrent Workers: 2
 Concurrent Refinement Workers: 8
 Periodic GC: Disabled
Heap:
 garbage-first heap   total 249856K, used 142438K [0x0000000080000000, 0x0000000100000000)
  region size 1024K, 4 young (4096K), 4 survivors (4096K)
 Metaspace       used 113239K, committed 114048K, reserved 1179648K
  class space    used 15425K, committed 15808K, reserved 1048576K
GC Heap History (20 events):
Event: 17.482 GC heap after
{Heap after GC invocations=39 (full 0):
 garbage-first heap   total 163840K, used 95942K [0x0000000080000000, 0x0000000100000000)
  region size 1024K, 1 young (1024K), 1 survivors (1024K)
 Metaspace       used 97824K, committed 98560K, reserved 1179648K
  class space    used 13596K, committed 13952K, reserved 1048576K
}
Event: 18.108 GC heap before
{Heap before GC invocations=39 (full 0):
 garbage-first heap   total 163840K, used 138950K [0x0000000080000000, 0x0000000100000000)
  region size 1024K, 43 young (44032K), 1 survivors (1024K)
 Metaspace       used 101177K, committed 101952K, reserved 1179648K
  class space    used 14011K, committed 14400K, reserved 1048576K
}
Event: 18.112 GC heap after
{Heap after GC invocations=40 (full 0):
 garbage-first heap   total 196608K, used 98674K [0x0000000080000000, 0x0000000100000000)
  region size 1024K, 4 young (4096K), 4 survivors (4096K)
 Metaspace       used 101177K, committed 101952K, reserved 1179648K
  class space    used 14011K, committed 14400K, reserved 1048576K
}
Event: 18.366 GC heap before
{Heap before GC invocations=40 (full 0):
 garbage-first heap   total 196608K, used 124274K [0x0000000080000000, 0x0000000100000000)
  region size 1024K, 31 young (31744K), 4 survivors (4096K)
 Metaspace       used 102791K, committed 103552K, reserved 1179648K
  class space    used 14168K, committed 14592K, reserved 1048576K
}
Event: 18.373 GC heap after
{Heap after GC invocations=41 (full 0):
 garbage-first heap   total 196608K, used 103134K [0x0000000080000000, 0x0000000100000000)
  region size 1024K, 8 young (8192K), 8 survivors (8192K)
 Metaspace       used 102791K, committed 103552K, reserved 1179648K
  class space    used 14168K, committed 14592K, reserved 1048576K
}
Event: 19.134 GC heap before
{Heap before GC invocations=42 (full 0):
 garbage-first heap   total 196608K, used 166622K [0x0000000080000000, 0x0000000100000000)
  region size 1024K, 65 young (66560K), 8 survivors (8192K)
 Metaspace       used 105524K, committed 106304K, reserved 1179648K
  class space    used 14484K, committed 14848K, reserved 1048576K
}
Event: 19.145 GC heap after
{Heap after GC invocations=43 (full 0):
 garbage-first heap   total 196608K, used 107817K [0x0000000080000000, 0x0000000100000000)
  region size 1024K, 9 young (9216K), 9 survivors (9216K)
 Metaspace       used 105524K, committed 106304K, reserved 1179648K
  class space    used 14484K, committed 14848K, reserved 1048576K
}
Event: 19.149 GC heap before
{Heap before GC invocations=43 (full 0):
 garbage-first heap   total 196608K, used 108841K [0x0000000080000000, 0x0000000100000000)
  region size 1024K, 10 young (10240K), 9 survivors (9216K)
 Metaspace       used 105524K, committed 106304K, reserved 1179648K
  class space    used 14484K, committed 14848K, reserved 1048576K
}
Event: 19.158 GC heap after
{Heap after GC invocations=44 (full 0):
 garbage-first heap   total 196608K, used 107690K [0x0000000080000000, 0x0000000100000000)
  region size 1024K, 2 young (2048K), 2 survivors (2048K)
 Metaspace       used 105524K, committed 106304K, reserved 1179648K
  class space    used 14484K, committed 14848K, reserved 1048576K
}
Event: 19.690 GC heap before
{Heap before GC invocations=44 (full 0):
 garbage-first heap   total 196608K, used 160938K [0x0000000080000000, 0x0000000100000000)
  region size 1024K, 54 young (55296K), 2 survivors (2048K)
 Metaspace       used 106268K, committed 107136K, reserved 1179648K
  class space    used 14634K, committed 15040K, reserved 1048576K
}
Event: 19.695 GC heap after
{Heap after GC invocations=45 (full 0):
 garbage-first heap   total 196608K, used 110548K [0x0000000080000000, 0x0000000100000000)
  region size 1024K, 5 young (5120K), 5 survivors (5120K)
 Metaspace       used 106268K, committed 107136K, reserved 1179648K
  class space    used 14634K, committed 15040K, reserved 1048576K
}
Event: 20.347 GC heap before
{Heap before GC invocations=45 (full 0):
 garbage-first heap   total 196608K, used 161748K [0x0000000080000000, 0x0000000100000000)
  region size 1024K, 54 young (55296K), 5 survivors (5120K)
 Metaspace       used 108423K, committed 109248K, reserved 1179648K
  class space    used 14867K, committed 15296K, reserved 1048576K
}
Event: 20.361 GC heap after
{Heap after GC invocations=46 (full 0):
 garbage-first heap   total 196608K, used 129024K [0x0000000080000000, 0x0000000100000000)
  region size 1024K, 7 young (7168K), 7 survivors (7168K)
 Metaspace       used 108423K, committed 109248K, reserved 1179648K
  class space    used 14867K, committed 15296K, reserved 1048576K
}
Event: 21.419 GC heap before
{Heap before GC invocations=46 (full 0):
 garbage-first heap   total 196608K, used 155648K [0x0000000080000000, 0x0000000100000000)
  region size 1024K, 34 young (34816K), 7 survivors (7168K)
 Metaspace       used 110760K, committed 111552K, reserved 1179648K
  class space    used 15153K, committed 15552K, reserved 1048576K
}
Event: 21.428 GC heap after
{Heap after GC invocations=47 (full 0):
 garbage-first heap   total 196608K, used 138102K [0x0000000080000000, 0x0000000100000000)
  region size 1024K, 5 young (5120K), 5 survivors (5120K)
 Metaspace       used 110760K, committed 111552K, reserved 1179648K
  class space    used 15153K, committed 15552K, reserved 1048576K
}
Event: 22.037 GC heap before
{Heap before GC invocations=48 (full 0):
 garbage-first heap   total 249856K, used 170870K [0x0000000080000000, 0x0000000100000000)
  region size 1024K, 21 young (21504K), 5 survivors (5120K)
 Metaspace       used 112064K, committed 112832K, reserved 1179648K
  class space    used 15289K, committed 15680K, reserved 1048576K
}
Event: 22.042 GC heap after
{Heap after GC invocations=49 (full 0):
 garbage-first heap   total 249856K, used 140702K [0x0000000080000000, 0x0000000100000000)
  region size 1024K, 2 young (2048K), 2 survivors (2048K)
 Metaspace       used 112064K, committed 112832K, reserved 1179648K
  class space    used 15289K, committed 15680K, reserved 1048576K
}
Event: 22.189 GC heap before
{Heap before GC invocations=49 (full 0):
 garbage-first heap   total 249856K, used 149918K [0x0000000080000000, 0x0000000100000000)
  region size 1024K, 12 young (12288K), 2 survivors (2048K)
 Metaspace       used 112629K, committed 113408K, reserved 1179648K
  class space    used 15360K, committed 15744K, reserved 1048576K
}
Event: 22.192 GC heap after
{Heap after GC invocations=50 (full 0):
 garbage-first heap   total 249856K, used 139743K [0x0000000080000000, 0x0000000100000000)
  region size 1024K, 2 young (2048K), 2 survivors (2048K)
 Metaspace       used 112629K, committed 113408K, reserved 1179648K
  class space    used 15360K, committed 15744K, reserved 1048576K
}
Event: 22.716 GC heap before
{Heap before GC invocations=50 (full 0):
 garbage-first heap   total 249856K, used 179679K [0x0000000080000000, 0x0000000100000000)
  region size 1024K, 42 young (43008K), 2 survivors (2048K)
 Metaspace       used 113239K, committed 114048K, reserved 1179648K
  class space    used 15425K, committed 15808K, reserved 1048576K
}

