# JRE version: OpenJDK Runtime Environment (17.0.10) (build 17.0.10+0--11609105)
# Java VM: OpenJDK 64-Bit Server VM (17.0.10+0--11609105, mixed mode, tiered, compressed oops, compressed class ptrs, g1 gc, windows-amd64)
GC Precious Log:
 CPUs: 8 total, 8 available
 Memory: 7502M
 Large Page Support: Disabled
 NUMA Support: Disabled
 Compressed Oops: Enabled (32-bit)
 Heap Region Size: 1M
 Heap Min Capacity: 8M
 Heap Initial Capacity: 118M
 Heap Max Capacity: 2G
 Pre-touch: Disabled
 Parallel Workers: 8
 Concurrent Workers: 2
 Concurrent Refinement Workers: 8
 Periodic GC: Disabled
Heap:
 garbage-first heap   total 71680K, used 38600K [0x0000000080000000, 0x0000000100000000)
  region size 1024K, 9 young (9216K), 2 survivors (2048K)
 Metaspace       used 49260K, committed 49728K, reserved 1114112K
  class space    used 6756K, committed 6976K, reserved 1048576K
GC Heap History (20 events):
Event: 1.883 GC heap before
{Heap before GC invocations=1 (full 0):
 garbage-first heap   total 120832K, used 37284K [0x0000000080000000, 0x0000000100000000)
  region size 1024K, 29 young (29696K), 3 survivors (3072K)
 Metaspace       used 11451K, committed 11648K, reserved 1114112K
  class space    used 1196K, committed 1280K, reserved 1048576K
}
Event: 1.888 GC heap after
{Heap after GC invocations=2 (full 0):
 garbage-first heap   total 120832K, used 11334K [0x0000000080000000, 0x0000000100000000)
  region size 1024K, 1 young (1024K), 1 survivors (1024K)
 Metaspace       used 11451K, committed 11648K, reserved 1114112K
  class space    used 1196K, committed 1280K, reserved 1048576K
}
Event: 3.381 GC heap before
{Heap before GC invocations=2 (full 0):
 garbage-first heap   total 120832K, used 62534K [0x0000000080000000, 0x0000000100000000)
  region size 1024K, 52 young (53248K), 1 survivors (1024K)
 Metaspace       used 21258K, committed 21504K, reserved 1114112K
  class space    used 2487K, committed 2624K, reserved 1048576K
}
Event: 3.387 GC heap after
{Heap after GC invocations=3 (full 0):
 garbage-first heap   total 120832K, used 19615K [0x0000000080000000, 0x0000000100000000)
  region size 1024K, 8 young (8192K), 8 survivors (8192K)
 Metaspace       used 21258K, committed 21504K, reserved 1114112K
  class space    used 2487K, committed 2624K, reserved 1048576K
}
Event: 4.192 GC heap before
{Heap before GC invocations=4 (full 0):
 garbage-first heap   total 71680K, used 54431K [0x0000000080000000, 0x0000000100000000)
  region size 1024K, 42 young (43008K), 8 survivors (8192K)
 Metaspace       used 26698K, committed 26944K, reserved 1114112K
  class space    used 3408K, committed 3520K, reserved 1048576K
}
Event: 4.198 GC heap after
{Heap after GC invocations=5 (full 0):
 garbage-first heap   total 71680K, used 21205K [0x0000000080000000, 0x0000000100000000)
  region size 1024K, 2 young (2048K), 2 survivors (2048K)
 Metaspace       used 26698K, committed 26944K, reserved 1114112K
  class space    used 3408K, committed 3520K, reserved 1048576K
}
Event: 4.983 GC heap before
{Heap before GC invocations=5 (full 0):
 garbage-first heap   total 71680K, used 47829K [0x0000000080000000, 0x0000000100000000)
  region size 1024K, 29 young (29696K), 2 survivors (2048K)
 Metaspace       used 30311K, committed 30528K, reserved 1114112K
  class space    used 4006K, committed 4096K, reserved 1048576K
}
Event: 4.986 GC heap after
{Heap after GC invocations=6 (full 0):
 garbage-first heap   total 71680K, used 22683K [0x0000000080000000, 0x0000000100000000)
  region size 1024K, 4 young (4096K), 4 survivors (4096K)
 Metaspace       used 30311K, committed 30528K, reserved 1114112K
  class space    used 4006K, committed 4096K, reserved 1048576K
}
Event: 5.676 GC heap before
{Heap before GC invocations=6 (full 0):
 garbage-first heap   total 71680K, used 51355K [0x0000000080000000, 0x0000000100000000)
  region size 1024K, 32 young (32768K), 4 survivors (4096K)
 Metaspace       used 33860K, committed 34176K, reserved 1114112K
  class space    used 4597K, committed 4736K, reserved 1048576K
}
Event: 5.680 GC heap after
{Heap after GC invocations=7 (full 0):
 garbage-first heap   total 71680K, used 24223K [0x0000000080000000, 0x0000000100000000)
  region size 1024K, 4 young (4096K), 4 survivors (4096K)
 Metaspace       used 33860K, committed 34176K, reserved 1114112K
  class space    used 4597K, committed 4736K, reserved 1048576K
}
Event: 5.890 GC heap before
{Heap before GC invocations=7 (full 0):
 garbage-first heap   total 71680K, used 35487K [0x0000000080000000, 0x0000000100000000)
  region size 1024K, 16 young (16384K), 4 survivors (4096K)
 Metaspace       used 35694K, committed 35968K, reserved 1114112K
  class space    used 4861K, committed 4992K, reserved 1048576K
}
Event: 5.893 GC heap after
{Heap after GC invocations=8 (full 0):
 garbage-first heap   total 71680K, used 24638K [0x0000000080000000, 0x0000000100000000)
  region size 1024K, 2 young (2048K), 2 survivors (2048K)
 Metaspace       used 35694K, committed 35968K, reserved 1114112K
  class space    used 4861K, committed 4992K, reserved 1048576K
}
Event: 6.460 GC heap before
{Heap before GC invocations=9 (full 0):
 garbage-first heap   total 71680K, used 53310K [0x0000000080000000, 0x0000000100000000)
  region size 1024K, 31 young (31744K), 2 survivors (2048K)
 Metaspace       used 41299K, committed 41664K, reserved 1114112K
  class space    used 5470K, committed 5632K, reserved 1048576K
}
Event: 6.464 GC heap after
{Heap after GC invocations=10 (full 0):
 garbage-first heap   total 71680K, used 28077K [0x0000000080000000, 0x0000000100000000)
  region size 1024K, 4 young (4096K), 4 survivors (4096K)
 Metaspace       used 41299K, committed 41664K, reserved 1114112K
  class space    used 5470K, committed 5632K, reserved 1048576K
}
Event: 6.721 GC heap before
{Heap before GC invocations=10 (full 0):
 garbage-first heap   total 71680K, used 54701K [0x0000000080000000, 0x0000000100000000)
  region size 1024K, 30 young (30720K), 4 survivors (4096K)
 Metaspace       used 42398K, committed 42816K, reserved 1114112K
  class space    used 5645K, committed 5824K, reserved 1048576K
}
Event: 6.725 GC heap after
{Heap after GC invocations=11 (full 0):
 garbage-first heap   total 71680K, used 29423K [0x0000000080000000, 0x0000000100000000)
  region size 1024K, 2 young (2048K), 2 survivors (2048K)
 Metaspace       used 42398K, committed 42816K, reserved 1114112K
  class space    used 5645K, committed 5824K, reserved 1048576K
}
Event: 7.243 GC heap before
{Heap before GC invocations=11 (full 0):
 garbage-first heap   total 71680K, used 53999K [0x0000000080000000, 0x0000000100000000)
  region size 1024K, 27 young (27648K), 2 survivors (2048K)
 Metaspace       used 45219K, committed 45696K, reserved 1114112K
  class space    used 6099K, committed 6336K, reserved 1048576K
}
Event: 7.246 GC heap after
{Heap after GC invocations=12 (full 0):
 garbage-first heap   total 71680K, used 31332K [0x0000000080000000, 0x0000000100000000)
  region size 1024K, 4 young (4096K), 4 survivors (4096K)
 Metaspace       used 45219K, committed 45696K, reserved 1114112K
  class space    used 6099K, committed 6336K, reserved 1048576K
}
Event: 7.748 GC heap before
{Heap before GC invocations=12 (full 0):
 garbage-first heap   total 71680K, used 54884K [0x0000000080000000, 0x0000000100000000)
  region size 1024K, 27 young (27648K), 4 survivors (4096K)
 Metaspace       used 48015K, committed 48512K, reserved 1114112K
  class space    used 6558K, committed 6784K, reserved 1048576K
}
Event: 7.752 GC heap after
{Heap after GC invocations=13 (full 0):
 garbage-first heap   total 71680K, used 32456K [0x0000000080000000, 0x0000000100000000)
  region size 1024K, 2 young (2048K), 2 survivors (2048K)
 Metaspace       used 48015K, committed 48512K, reserved 1114112K
  class space    used 6558K, committed 6784K, reserved 1048576K
}

