# JRE version: OpenJDK Runtime Environment (17.0.10) (build 17.0.10+0--11609105)
# Java VM: OpenJDK 64-Bit Server VM (17.0.10+0--11609105, mixed mode, tiered, compressed oops, compressed class ptrs, g1 gc, windows-amd64)
GC Precious Log:
 CPUs: 8 total, 8 available
 Memory: 7502M
 Large Page Support: Disabled
 NUMA Support: Disabled
 Compressed Oops: Enabled (32-bit)
 Heap Region Size: 1M
 Heap Min Capacity: 8M
 Heap Initial Capacity: 118M
 Heap Max Capacity: 1876M
 Pre-touch: Disabled
 Parallel Workers: 8
 Concurrent Workers: 2
 Concurrent Refinement Workers: 8
 Periodic GC: Disabled
Heap:
 garbage-first heap   total 120832K, used 56320K [0x000000008ac00000, 0x0000000100000000)
  region size 1024K, 4 young (4096K), 4 survivors (4096K)
 Metaspace       used 73721K, committed 74048K, reserved 1114112K
  class space    used 8742K, committed 8896K, reserved 1048576K
GC Heap History (20 events):
Event: 5.833 GC heap after
{Heap after GC invocations=13 (full 0):
 garbage-first heap   total 75776K, used 31997K [0x000000008ac00000, 0x0000000100000000)
  region size 1024K, 3 young (3072K), 3 survivors (3072K)
 Metaspace       used 50783K, committed 51008K, reserved 1114112K
  class space    used 6219K, committed 6336K, reserved 1048576K
}
Event: 6.163 GC heap before
{Heap before GC invocations=13 (full 0):
 garbage-first heap   total 75776K, used 55549K [0x000000008ac00000, 0x0000000100000000)
  region size 1024K, 26 young (26624K), 3 survivors (3072K)
 Metaspace       used 52180K, committed 52480K, reserved 1114112K
  class space    used 6389K, committed 6528K, reserved 1048576K
}
Event: 6.176 GC heap after
{Heap after GC invocations=14 (full 0):
 garbage-first heap   total 75776K, used 33357K [0x000000008ac00000, 0x0000000100000000)
  region size 1024K, 2 young (2048K), 2 survivors (2048K)
 Metaspace       used 52180K, committed 52480K, reserved 1114112K
  class space    used 6389K, committed 6528K, reserved 1048576K
}
Event: 7.118 GC heap before
{Heap before GC invocations=14 (full 0):
 garbage-first heap   total 75776K, used 56909K [0x000000008ac00000, 0x0000000100000000)
  region size 1024K, 25 young (25600K), 2 survivors (2048K)
 Metaspace       used 53853K, committed 54080K, reserved 1114112K
  class space    used 6490K, committed 6592K, reserved 1048576K
}
Event: 7.134 GC heap after
{Heap after GC invocations=15 (full 0):
 garbage-first heap   total 75776K, used 37409K [0x000000008ac00000, 0x0000000100000000)
  region size 1024K, 4 young (4096K), 4 survivors (4096K)
 Metaspace       used 53853K, committed 54080K, reserved 1114112K
  class space    used 6490K, committed 6592K, reserved 1048576K
}
Event: 7.646 GC heap before
{Heap before GC invocations=15 (full 0):
 garbage-first heap   total 75776K, used 57889K [0x000000008ac00000, 0x0000000100000000)
  region size 1024K, 24 young (24576K), 4 survivors (4096K)
 Metaspace       used 55093K, committed 55360K, reserved 1114112K
  class space    used 6603K, committed 6720K, reserved 1048576K
}
Event: 7.666 GC heap after
{Heap after GC invocations=16 (full 0):
 garbage-first heap   total 75776K, used 41277K [0x000000008ac00000, 0x0000000100000000)
  region size 1024K, 3 young (3072K), 3 survivors (3072K)
 Metaspace       used 55093K, committed 55360K, reserved 1114112K
  class space    used 6603K, committed 6720K, reserved 1048576K
}
Event: 8.068 GC heap before
{Heap before GC invocations=16 (full 0):
 garbage-first heap   total 75776K, used 58685K [0x000000008ac00000, 0x0000000100000000)
  region size 1024K, 20 young (20480K), 3 survivors (3072K)
 Metaspace       used 56844K, committed 57088K, reserved 1114112K
  class space    used 6810K, committed 6912K, reserved 1048576K
}
Event: 8.085 GC heap after
{Heap after GC invocations=17 (full 0):
 garbage-first heap   total 98304K, used 43394K [0x000000008ac00000, 0x0000000100000000)
  region size 1024K, 2 young (2048K), 2 survivors (2048K)
 Metaspace       used 56844K, committed 57088K, reserved 1114112K
  class space    used 6810K, committed 6912K, reserved 1048576K
}
Event: 9.528 GC heap before
{Heap before GC invocations=18 (full 0):
 garbage-first heap   total 98304K, used 73090K [0x000000008ac00000, 0x0000000100000000)
  region size 1024K, 31 young (31744K), 2 survivors (2048K)
 Metaspace       used 62055K, committed 62336K, reserved 1114112K
  class space    used 7571K, committed 7680K, reserved 1048576K
}
Event: 9.545 GC heap after
{Heap after GC invocations=19 (full 0):
 garbage-first heap   total 98304K, used 47062K [0x000000008ac00000, 0x0000000100000000)
  region size 1024K, 4 young (4096K), 4 survivors (4096K)
 Metaspace       used 62055K, committed 62336K, reserved 1114112K
  class space    used 7571K, committed 7680K, reserved 1048576K
}
Event: 9.622 GC heap before
{Heap before GC invocations=19 (full 0):
 garbage-first heap   total 98304K, used 48086K [0x000000008ac00000, 0x0000000100000000)
  region size 1024K, 5 young (5120K), 4 survivors (4096K)
 Metaspace       used 62188K, committed 62464K, reserved 1114112K
  class space    used 7581K, committed 7680K, reserved 1048576K
}
Event: 9.634 GC heap after
{Heap after GC invocations=20 (full 0):
 garbage-first heap   total 98304K, used 46788K [0x000000008ac00000, 0x0000000100000000)
  region size 1024K, 1 young (1024K), 1 survivors (1024K)
 Metaspace       used 62188K, committed 62464K, reserved 1114112K
  class space    used 7581K, committed 7680K, reserved 1048576K
}
Event: 10.489 GC heap before
{Heap before GC invocations=20 (full 0):
 garbage-first heap   total 98304K, used 74436K [0x000000008ac00000, 0x0000000100000000)
  region size 1024K, 28 young (28672K), 1 survivors (1024K)
 Metaspace       used 66458K, committed 66752K, reserved 1114112K
  class space    used 8019K, committed 8128K, reserved 1048576K
}
Event: 10.502 GC heap after
{Heap after GC invocations=21 (full 0):
 garbage-first heap   total 98304K, used 49544K [0x000000008ac00000, 0x0000000100000000)
  region size 1024K, 4 young (4096K), 4 survivors (4096K)
 Metaspace       used 66458K, committed 66752K, reserved 1114112K
  class space    used 8019K, committed 8128K, reserved 1048576K
}
Event: 11.373 GC heap before
{Heap before GC invocations=22 (full 0):
 garbage-first heap   total 98304K, used 76168K [0x000000008ac00000, 0x0000000100000000)
  region size 1024K, 30 young (30720K), 4 survivors (4096K)
 Metaspace       used 71450K, committed 71744K, reserved 1114112K
  class space    used 8541K, committed 8640K, reserved 1048576K
}
Event: 11.388 GC heap after
{Heap after GC invocations=23 (full 0):
 garbage-first heap   total 98304K, used 52373K [0x000000008ac00000, 0x0000000100000000)
  region size 1024K, 3 young (3072K), 3 survivors (3072K)
 Metaspace       used 71450K, committed 71744K, reserved 1114112K
  class space    used 8541K, committed 8640K, reserved 1048576K
}
Event: 11.416 GC heap before
{Heap before GC invocations=23 (full 0):
 garbage-first heap   total 98304K, used 52373K [0x000000008ac00000, 0x0000000100000000)
  region size 1024K, 4 young (4096K), 3 survivors (3072K)
 Metaspace       used 71710K, committed 72000K, reserved 1114112K
  class space    used 8568K, committed 8704K, reserved 1048576K
}
Event: 11.425 GC heap after
{Heap after GC invocations=24 (full 0):
 garbage-first heap   total 98304K, used 52250K [0x000000008ac00000, 0x0000000100000000)
  region size 1024K, 1 young (1024K), 1 survivors (1024K)
 Metaspace       used 71710K, committed 72000K, reserved 1114112K
  class space    used 8568K, committed 8704K, reserved 1048576K
}
Event: 11.900 GC heap before
{Heap before GC invocations=24 (full 0):
 garbage-first heap   total 98304K, used 75802K [0x000000008ac00000, 0x0000000100000000)
  region size 1024K, 25 young (25600K), 1 survivors (1024K)
 Metaspace       used 73721K, committed 74048K, reserved 1114112K
  class space    used 8742K, committed 8896K, reserved 1048576K
}

