# JRE version: OpenJDK Runtime Environment (17.0.10) (build 17.0.10+0--11609105)
# Java VM: OpenJDK 64-Bit Server VM (17.0.10+0--11609105, mixed mode, tiered, compressed oops, compressed class ptrs, g1 gc, windows-amd64)
GC Precious Log:
 CPUs: 8 total, 8 available
 Memory: 7502M
 Large Page Support: Disabled
 NUMA Support: Disabled
 Compressed Oops: Enabled (32-bit)
 Heap Region Size: 1M
 Heap Min Capacity: 8M
 Heap Initial Capacity: 118M
 Heap Max Capacity: 2G
 Pre-touch: Disabled
 Parallel Workers: 8
 Concurrent Workers: 2
 Concurrent Refinement Workers: 8
 Periodic GC: Disabled
Heap:
 garbage-first heap   total 306176K, used 235987K [0x0000000080000000, 0x0000000100000000)
  region size 1024K, 25 young (25600K), 2 survivors (2048K)
 Metaspace       used 131322K, committed 132416K, reserved 1179648K
  class space    used 17356K, committed 17920K, reserved 1048576K
GC Heap History (20 events):
Event: 79.924 GC heap before
{Heap before GC invocations=97 (full 0):
 garbage-first heap   total 254976K, used 218152K [0x0000000080000000, 0x0000000100000000)
  region size 1024K, 23 young (23552K), 4 survivors (4096K)
 Metaspace       used 123311K, committed 124288K, reserved 1179648K
  class space    used 16496K, committed 16960K, reserved 1048576K
}
Event: 79.928 GC heap after
{Heap after GC invocations=98 (full 0):
 garbage-first heap   total 254976K, used 201203K [0x0000000080000000, 0x0000000100000000)
  region size 1024K, 3 young (3072K), 3 survivors (3072K)
 Metaspace       used 123311K, committed 124288K, reserved 1179648K
  class space    used 16496K, committed 16960K, reserved 1048576K
}
Event: 80.312 GC heap before
{Heap before GC invocations=98 (full 0):
 garbage-first heap   total 254976K, used 218611K [0x0000000080000000, 0x0000000100000000)
  region size 1024K, 21 young (21504K), 3 survivors (3072K)
 Metaspace       used 124566K, committed 125632K, reserved 1179648K
  class space    used 16659K, committed 17152K, reserved 1048576K
}
Event: 80.316 GC heap after
{Heap after GC invocations=99 (full 0):
 garbage-first heap   total 254976K, used 203124K [0x0000000080000000, 0x0000000100000000)
  region size 1024K, 2 young (2048K), 2 survivors (2048K)
 Metaspace       used 124566K, committed 125632K, reserved 1179648K
  class space    used 16659K, committed 17152K, reserved 1048576K
}
Event: 80.669 GC heap before
{Heap before GC invocations=99 (full 0):
 garbage-first heap   total 254976K, used 218484K [0x0000000080000000, 0x0000000100000000)
  region size 1024K, 18 young (18432K), 2 survivors (2048K)
 Metaspace       used 126053K, committed 127104K, reserved 1179648K
  class space    used 16802K, committed 17280K, reserved 1048576K
}
Event: 80.677 GC heap after
{Heap after GC invocations=100 (full 0):
 garbage-first heap   total 254976K, used 203337K [0x0000000080000000, 0x0000000100000000)
  region size 1024K, 1 young (1024K), 1 survivors (1024K)
 Metaspace       used 126053K, committed 127104K, reserved 1179648K
  class space    used 16802K, committed 17280K, reserved 1048576K
}
Event: 80.951 GC heap before
{Heap before GC invocations=100 (full 0):
 garbage-first heap   total 254976K, used 219721K [0x0000000080000000, 0x0000000100000000)
  region size 1024K, 18 young (18432K), 1 survivors (1024K)
 Metaspace       used 128336K, committed 129408K, reserved 1179648K
  class space    used 17017K, committed 17536K, reserved 1048576K
}
Event: 80.952 GC heap after
{Heap after GC invocations=101 (full 0):
 garbage-first heap   total 254976K, used 203464K [0x0000000080000000, 0x0000000100000000)
  region size 1024K, 1 young (1024K), 1 survivors (1024K)
 Metaspace       used 128336K, committed 129408K, reserved 1179648K
  class space    used 17017K, committed 17536K, reserved 1048576K
}
Event: 718.434 GC heap before
{Heap before GC invocations=101 (full 0):
 garbage-first heap   total 254976K, used 221896K [0x0000000080000000, 0x0000000100000000)
  region size 1024K, 19 young (19456K), 1 survivors (1024K)
 Metaspace       used 128868K, committed 129920K, reserved 1179648K
  class space    used 17042K, committed 17536K, reserved 1048576K
}
Event: 718.489 GC heap after
{Heap after GC invocations=102 (full 0):
 garbage-first heap   total 254976K, used 203509K [0x0000000080000000, 0x0000000100000000)
  region size 1024K, 1 young (1024K), 1 survivors (1024K)
 Metaspace       used 128868K, committed 129920K, reserved 1179648K
  class space    used 17042K, committed 17536K, reserved 1048576K
}
Event: 1061.157 GC heap before
{Heap before GC invocations=102 (full 0):
 garbage-first heap   total 254976K, used 222965K [0x0000000080000000, 0x0000000100000000)
  region size 1024K, 20 young (20480K), 1 survivors (1024K)
 Metaspace       used 128989K, committed 129984K, reserved 1179648K
  class space    used 17055K, committed 17536K, reserved 1048576K
}
Event: 1061.166 GC heap after
{Heap after GC invocations=103 (full 0):
 garbage-first heap   total 254976K, used 203978K [0x0000000080000000, 0x0000000100000000)
  region size 1024K, 1 young (1024K), 1 survivors (1024K)
 Metaspace       used 128989K, committed 129984K, reserved 1179648K
  class space    used 17055K, committed 17536K, reserved 1048576K
}
Event: 1062.145 GC heap before
{Heap before GC invocations=103 (full 0):
 garbage-first heap   total 254976K, used 224458K [0x0000000080000000, 0x0000000100000000)
  region size 1024K, 21 young (21504K), 1 survivors (1024K)
 Metaspace       used 129227K, committed 130240K, reserved 1179648K
  class space    used 17083K, committed 17600K, reserved 1048576K
}
Event: 1062.169 GC heap after
{Heap after GC invocations=104 (full 0):
 garbage-first heap   total 254976K, used 207419K [0x0000000080000000, 0x0000000100000000)
  region size 1024K, 3 young (3072K), 3 survivors (3072K)
 Metaspace       used 129227K, committed 130240K, reserved 1179648K
  class space    used 17083K, committed 17600K, reserved 1048576K
}
Event: 1062.768 GC heap before
{Heap before GC invocations=104 (full 0):
 garbage-first heap   total 254976K, used 222779K [0x0000000080000000, 0x0000000100000000)
  region size 1024K, 18 young (18432K), 3 survivors (3072K)
 Metaspace       used 129621K, committed 130752K, reserved 1179648K
  class space    used 17124K, committed 17664K, reserved 1048576K
}
Event: 1062.783 GC heap after
{Heap after GC invocations=105 (full 0):
 garbage-first heap   total 254976K, used 210063K [0x0000000080000000, 0x0000000100000000)
  region size 1024K, 3 young (3072K), 3 survivors (3072K)
 Metaspace       used 129621K, committed 130752K, reserved 1179648K
  class space    used 17124K, committed 17664K, reserved 1048576K
}
Event: 1063.227 GC heap before
{Heap before GC invocations=105 (full 0):
 garbage-first heap   total 254976K, used 223375K [0x0000000080000000, 0x0000000100000000)
  region size 1024K, 16 young (16384K), 3 survivors (3072K)
 Metaspace       used 130007K, committed 131136K, reserved 1179648K
  class space    used 17178K, committed 17728K, reserved 1048576K
}
Event: 1063.237 GC heap after
{Heap after GC invocations=106 (full 0):
 garbage-first heap   total 254976K, used 212128K [0x0000000080000000, 0x0000000100000000)
  region size 1024K, 2 young (2048K), 2 survivors (2048K)
 Metaspace       used 130007K, committed 131136K, reserved 1179648K
  class space    used 17178K, committed 17728K, reserved 1048576K
}
Event: 1063.459 GC heap before
{Heap before GC invocations=106 (full 0):
 garbage-first heap   total 254976K, used 222368K [0x0000000080000000, 0x0000000100000000)
  region size 1024K, 13 young (13312K), 2 survivors (2048K)
 Metaspace       used 130403K, committed 131520K, reserved 1179648K
  class space    used 17235K, committed 17792K, reserved 1048576K
}
Event: 1063.468 GC heap after
{Heap after GC invocations=107 (full 0):
 garbage-first heap   total 306176K, used 213459K [0x0000000080000000, 0x0000000100000000)
  region size 1024K, 2 young (2048K), 2 survivors (2048K)
 Metaspace       used 130403K, committed 131520K, reserved 1179648K
  class space    used 17235K, committed 17792K, reserved 1048576K
}

