# JRE version: OpenJDK Runtime Environment (17.0.10) (build 17.0.10+0--11609105)
# Java VM: OpenJDK 64-Bit Server VM (17.0.10+0--11609105, mixed mode, tiered, compressed oops, compressed class ptrs, g1 gc, windows-amd64)
GC Precious Log:
 CPUs: 8 total, 8 available
 Memory: 7502M
 Large Page Support: Disabled
 NUMA Support: Disabled
 Compressed Oops: Enabled (32-bit)
 Heap Region Size: 1M
 Heap Min Capacity: 8M
 Heap Initial Capacity: 118M
 Heap Max Capacity: 2G
 Pre-touch: Disabled
 Parallel Workers: 8
 Concurrent Workers: 2
 Concurrent Refinement Workers: 8
 Periodic GC: Disabled
Heap:
 garbage-first heap   total 342016K, used 244127K [0x0000000080000000, 0x0000000100000000)
  region size 1024K, 40 young (40960K), 5 survivors (5120K)
 Metaspace       used 166972K, committed 167872K, reserved 1245184K
  class space    used 21657K, committed 22080K, reserved 1048576K
GC Heap History (20 events):
Event: 38.095 GC heap before
{Heap before GC invocations=56 (full 0):
 garbage-first heap   total 336896K, used 271058K [0x0000000080000000, 0x0000000100000000)
  region size 1024K, 102 young (104448K), 4 survivors (4096K)
 Metaspace       used 124722K, committed 125504K, reserved 1179648K
  class space    used 16578K, committed 16960K, reserved 1048576K
}
Event: 38.107 GC heap after
{Heap after GC invocations=57 (full 0):
 garbage-first heap   total 336896K, used 176528K [0x0000000080000000, 0x0000000100000000)
  region size 1024K, 11 young (11264K), 11 survivors (11264K)
 Metaspace       used 124722K, committed 125504K, reserved 1179648K
  class space    used 16578K, committed 16960K, reserved 1048576K
}
Event: 42.099 GC heap before
{Heap before GC invocations=57 (full 0):
 garbage-first heap   total 336896K, used 273808K [0x0000000080000000, 0x0000000100000000)
  region size 1024K, 106 young (108544K), 11 survivors (11264K)
 Metaspace       used 132620K, committed 133440K, reserved 1179648K
  class space    used 17322K, committed 17728K, reserved 1048576K
}
Event: 42.119 GC heap after
{Heap after GC invocations=58 (full 0):
 garbage-first heap   total 336896K, used 184566K [0x0000000080000000, 0x0000000100000000)
  region size 1024K, 14 young (14336K), 14 survivors (14336K)
 Metaspace       used 132620K, committed 133440K, reserved 1179648K
  class space    used 17322K, committed 17728K, reserved 1048576K
}
Event: 46.065 GC heap before
{Heap before GC invocations=58 (full 0):
 garbage-first heap   total 336896K, used 274678K [0x0000000080000000, 0x0000000100000000)
  region size 1024K, 103 young (105472K), 14 survivors (14336K)
 Metaspace       used 145627K, committed 146496K, reserved 1179648K
  class space    used 18702K, committed 19136K, reserved 1048576K
}
Event: 46.080 GC heap after
{Heap after GC invocations=59 (full 0):
 garbage-first heap   total 336896K, used 188696K [0x0000000080000000, 0x0000000100000000)
  region size 1024K, 4 young (4096K), 4 survivors (4096K)
 Metaspace       used 145627K, committed 146496K, reserved 1179648K
  class space    used 18702K, committed 19136K, reserved 1048576K
}
Event: 49.030 GC heap before
{Heap before GC invocations=60 (full 0):
 garbage-first heap   total 336896K, used 279832K [0x0000000080000000, 0x0000000100000000)
  region size 1024K, 93 young (95232K), 4 survivors (4096K)
 Metaspace       used 153120K, committed 153984K, reserved 1245184K
  class space    used 19699K, committed 20096K, reserved 1048576K
}
Event: 49.040 GC heap after
{Heap after GC invocations=61 (full 0):
 garbage-first heap   total 336896K, used 189726K [0x0000000080000000, 0x0000000100000000)
  region size 1024K, 5 young (5120K), 5 survivors (5120K)
 Metaspace       used 153120K, committed 153984K, reserved 1245184K
  class space    used 19699K, committed 20096K, reserved 1048576K
}
Event: 49.423 GC heap before
{Heap before GC invocations=61 (full 0):
 garbage-first heap   total 336896K, used 199966K [0x0000000080000000, 0x0000000100000000)
  region size 1024K, 16 young (16384K), 5 survivors (5120K)
 Metaspace       used 153896K, committed 154752K, reserved 1245184K
  class space    used 19859K, committed 20224K, reserved 1048576K
}
Event: 49.432 GC heap after
{Heap after GC invocations=62 (full 0):
 garbage-first heap   total 336896K, used 189268K [0x0000000080000000, 0x0000000100000000)
  region size 1024K, 1 young (1024K), 1 survivors (1024K)
 Metaspace       used 153896K, committed 154752K, reserved 1245184K
  class space    used 19859K, committed 20224K, reserved 1048576K
}
Event: 51.839 GC heap before
{Heap before GC invocations=62 (full 0):
 garbage-first heap   total 336896K, used 287572K [0x0000000080000000, 0x0000000100000000)
  region size 1024K, 93 young (95232K), 1 survivors (1024K)
 Metaspace       used 160724K, committed 161664K, reserved 1245184K
  class space    used 20746K, committed 21184K, reserved 1048576K
}
Event: 51.849 GC heap after
{Heap after GC invocations=63 (full 0):
 garbage-first heap   total 336896K, used 188188K [0x0000000080000000, 0x0000000100000000)
  region size 1024K, 7 young (7168K), 7 survivors (7168K)
 Metaspace       used 160724K, committed 161664K, reserved 1245184K
  class space    used 20746K, committed 21184K, reserved 1048576K
}
Event: 51.973 GC heap before
{Heap before GC invocations=63 (full 0):
 garbage-first heap   total 336896K, used 192284K [0x0000000080000000, 0x0000000100000000)
  region size 1024K, 12 young (12288K), 7 survivors (7168K)
 Metaspace       used 161325K, committed 162240K, reserved 1245184K
  class space    used 20820K, committed 21248K, reserved 1048576K
}
Event: 51.979 GC heap after
{Heap after GC invocations=64 (full 0):
 garbage-first heap   total 336896K, used 188642K [0x0000000080000000, 0x0000000100000000)
  region size 1024K, 7 young (7168K), 7 survivors (7168K)
 Metaspace       used 161325K, committed 162240K, reserved 1245184K
  class space    used 20820K, committed 21248K, reserved 1048576K
}
Event: 54.042 GC heap before
{Heap before GC invocations=65 (full 0):
 garbage-first heap   total 342016K, used 298210K [0x0000000080000000, 0x0000000100000000)
  region size 1024K, 101 young (103424K), 7 survivors (7168K)
 Metaspace       used 166970K, committed 167872K, reserved 1245184K
  class space    used 21657K, committed 22080K, reserved 1048576K
}
Event: 54.057 GC heap after
{Heap after GC invocations=66 (full 0):
 garbage-first heap   total 342016K, used 211930K [0x0000000080000000, 0x0000000100000000)
  region size 1024K, 13 young (13312K), 13 survivors (13312K)
 Metaspace       used 166970K, committed 167872K, reserved 1245184K
  class space    used 21657K, committed 22080K, reserved 1048576K
}
Event: 54.113 GC heap before
{Heap before GC invocations=66 (full 0):
 garbage-first heap   total 342016K, used 215002K [0x0000000080000000, 0x0000000100000000)
  region size 1024K, 16 young (16384K), 13 survivors (13312K)
 Metaspace       used 166970K, committed 167872K, reserved 1245184K
  class space    used 21657K, committed 22080K, reserved 1048576K
}
Event: 54.124 GC heap after
{Heap after GC invocations=67 (full 0):
 garbage-first heap   total 342016K, used 206704K [0x0000000080000000, 0x0000000100000000)
  region size 1024K, 2 young (2048K), 2 survivors (2048K)
 Metaspace       used 166970K, committed 167872K, reserved 1245184K
  class space    used 21657K, committed 22080K, reserved 1048576K
}
Event: 55.278 GC heap before
{Heap before GC invocations=67 (full 0):
 garbage-first heap   total 342016K, used 288624K [0x0000000080000000, 0x0000000100000000)
  region size 1024K, 82 young (83968K), 2 survivors (2048K)
 Metaspace       used 166972K, committed 167872K, reserved 1245184K
  class space    used 21657K, committed 22080K, reserved 1048576K
}
Event: 55.283 GC heap after
{Heap after GC invocations=68 (full 0):
 garbage-first heap   total 342016K, used 209311K [0x0000000080000000, 0x0000000100000000)
  region size 1024K, 5 young (5120K), 5 survivors (5120K)
 Metaspace       used 166972K, committed 167872K, reserved 1245184K
  class space    used 21657K, committed 22080K, reserved 1048576K
}

