# JRE version: OpenJDK Runtime Environment (17.0.10) (build 17.0.10+0--11609105)
# Java VM: OpenJDK 64-Bit Server VM (17.0.10+0--11609105, mixed mode, tiered, compressed oops, compressed class ptrs, g1 gc, windows-amd64)
GC Precious Log:
 CPUs: 8 total, 8 available
 Memory: 7502M
 Large Page Support: Disabled
 NUMA Support: Disabled
 Compressed Oops: Enabled (32-bit)
 Heap Region Size: 1M
 Heap Min Capacity: 8M
 Heap Initial Capacity: 118M
 Heap Max Capacity: 2G
 Pre-touch: Disabled
 Parallel Workers: 8
 Concurrent Workers: 2
 Concurrent Refinement Workers: 8
 Periodic GC: Disabled
Heap:
 garbage-first heap   total 440320K, used 290728K [0x0000000080000000, 0x0000000100000000)
  region size 1024K, 20 young (20480K), 7 survivors (7168K)
 Metaspace       used 205923K, committed 207168K, reserved 1245184K
  class space    used 26369K, committed 26944K, reserved 1048576K
GC Heap History (20 events):
Event: 239.468 GC heap before
{Heap before GC invocations=88 (full 0):
 garbage-first heap   total 368640K, used 309791K [0x0000000080000000, 0x0000000100000000)
  region size 1024K, 95 young (97280K), 13 survivors (13312K)
 Metaspace       used 174042K, committed 175168K, reserved 1245184K
  class space    used 22891K, committed 23424K, reserved 1048576K
}
Event: 239.516 GC heap after
{Heap after GC invocations=89 (full 0):
 garbage-first heap   total 368640K, used 230644K [0x0000000080000000, 0x0000000100000000)
  region size 1024K, 5 young (5120K), 5 survivors (5120K)
 Metaspace       used 174042K, committed 175168K, reserved 1245184K
  class space    used 22891K, committed 23424K, reserved 1048576K
}
Event: 240.025 GC heap before
{Heap before GC invocations=89 (full 0):
 garbage-first heap   total 368640K, used 255220K [0x0000000080000000, 0x0000000100000000)
  region size 1024K, 30 young (30720K), 5 survivors (5120K)
 Metaspace       used 176931K, committed 178112K, reserved 1245184K
  class space    used 23265K, committed 23808K, reserved 1048576K
}
Event: 240.033 GC heap after
{Heap after GC invocations=90 (full 0):
 garbage-first heap   total 368640K, used 231421K [0x0000000080000000, 0x0000000100000000)
  region size 1024K, 6 young (6144K), 6 survivors (6144K)
 Metaspace       used 176931K, committed 178112K, reserved 1245184K
  class space    used 23265K, committed 23808K, reserved 1048576K
}
Event: 241.362 GC heap before
{Heap before GC invocations=91 (full 0):
 garbage-first heap   total 430080K, used 310269K [0x0000000080000000, 0x0000000100000000)
  region size 1024K, 82 young (83968K), 6 survivors (6144K)
 Metaspace       used 181143K, committed 182272K, reserved 1245184K
  class space    used 23747K, committed 24256K, reserved 1048576K
}
Event: 241.380 GC heap after
{Heap after GC invocations=92 (full 0):
 garbage-first heap   total 430080K, used 234869K [0x0000000080000000, 0x0000000100000000)
  region size 1024K, 9 young (9216K), 9 survivors (9216K)
 Metaspace       used 181143K, committed 182272K, reserved 1245184K
  class space    used 23747K, committed 24256K, reserved 1048576K
}
Event: 241.577 GC heap before
{Heap before GC invocations=92 (full 0):
 garbage-first heap   total 430080K, used 246133K [0x0000000080000000, 0x0000000100000000)
  region size 1024K, 21 young (21504K), 9 survivors (9216K)
 Metaspace       used 181875K, committed 183040K, reserved 1245184K
  class space    used 23825K, committed 24384K, reserved 1048576K
}
Event: 241.592 GC heap after
{Heap after GC invocations=93 (full 0):
 garbage-first heap   total 430080K, used 231396K [0x0000000080000000, 0x0000000100000000)
  region size 1024K, 3 young (3072K), 3 survivors (3072K)
 Metaspace       used 181875K, committed 183040K, reserved 1245184K
  class space    used 23825K, committed 24384K, reserved 1048576K
}
Event: 244.479 GC heap before
{Heap before GC invocations=93 (full 0):
 garbage-first heap   total 430080K, used 356324K [0x0000000080000000, 0x0000000100000000)
  region size 1024K, 125 young (128000K), 3 survivors (3072K)
 Metaspace       used 197495K, committed 198720K, reserved 1245184K
  class space    used 25474K, committed 26048K, reserved 1048576K
}
Event: 244.489 GC heap after
{Heap after GC invocations=94 (full 0):
 garbage-first heap   total 430080K, used 236265K [0x0000000080000000, 0x0000000100000000)
  region size 1024K, 8 young (8192K), 8 survivors (8192K)
 Metaspace       used 197495K, committed 198720K, reserved 1245184K
  class space    used 25474K, committed 26048K, reserved 1048576K
}
Event: 244.778 GC heap before
{Heap before GC invocations=94 (full 0):
 garbage-first heap   total 430080K, used 265961K [0x0000000080000000, 0x0000000100000000)
  region size 1024K, 39 young (39936K), 8 survivors (8192K)
 Metaspace       used 197592K, committed 198784K, reserved 1245184K
  class space    used 25480K, committed 26048K, reserved 1048576K
}
Event: 244.790 GC heap after
{Heap after GC invocations=95 (full 0):
 garbage-first heap   total 430080K, used 242643K [0x0000000080000000, 0x0000000100000000)
  region size 1024K, 14 young (14336K), 14 survivors (14336K)
 Metaspace       used 197592K, committed 198784K, reserved 1245184K
  class space    used 25480K, committed 26048K, reserved 1048576K
}
Event: 245.773 GC heap before
{Heap before GC invocations=96 (full 0):
 garbage-first heap   total 440320K, used 369619K [0x0000000080000000, 0x0000000100000000)
  region size 1024K, 125 young (128000K), 14 survivors (14336K)
 Metaspace       used 197789K, committed 198976K, reserved 1245184K
  class space    used 25480K, committed 26048K, reserved 1048576K
}
Event: 245.822 GC heap after
{Heap after GC invocations=97 (full 0):
 garbage-first heap   total 440320K, used 270305K [0x0000000080000000, 0x0000000100000000)
  region size 1024K, 16 young (16384K), 16 survivors (16384K)
 Metaspace       used 197789K, committed 198976K, reserved 1245184K
  class space    used 25480K, committed 26048K, reserved 1048576K
}
Event: 245.857 GC heap before
{Heap before GC invocations=97 (full 0):
 garbage-first heap   total 440320K, used 275425K [0x0000000080000000, 0x0000000100000000)
  region size 1024K, 21 young (21504K), 16 survivors (16384K)
 Metaspace       used 197822K, committed 198976K, reserved 1245184K
  class space    used 25480K, committed 26048K, reserved 1048576K
}
Event: 245.878 GC heap after
{Heap after GC invocations=98 (full 0):
 garbage-first heap   total 440320K, used 268311K [0x0000000080000000, 0x0000000100000000)
  region size 1024K, 3 young (3072K), 3 survivors (3072K)
 Metaspace       used 197822K, committed 198976K, reserved 1245184K
  class space    used 25480K, committed 26048K, reserved 1048576K
}
Event: 247.996 GC heap before
{Heap before GC invocations=98 (full 0):
 garbage-first heap   total 440320K, used 364567K [0x0000000080000000, 0x0000000100000000)
  region size 1024K, 95 young (97280K), 3 survivors (3072K)
 Metaspace       used 205639K, committed 206784K, reserved 1245184K
  class space    used 26319K, committed 26880K, reserved 1048576K
}
Event: 248.006 GC heap after
{Heap after GC invocations=99 (full 0):
 garbage-first heap   total 440320K, used 273474K [0x0000000080000000, 0x0000000100000000)
  region size 1024K, 6 young (6144K), 6 survivors (6144K)
 Metaspace       used 205639K, committed 206784K, reserved 1245184K
  class space    used 26319K, committed 26880K, reserved 1048576K
}
Event: 248.056 GC heap before
{Heap before GC invocations=99 (full 0):
 garbage-first heap   total 440320K, used 275522K [0x0000000080000000, 0x0000000100000000)
  region size 1024K, 9 young (9216K), 6 survivors (6144K)
 Metaspace       used 205646K, committed 206784K, reserved 1245184K
  class space    used 26320K, committed 26880K, reserved 1048576K
}
Event: 248.062 GC heap after
{Heap after GC invocations=100 (full 0):
 garbage-first heap   total 440320K, used 274344K [0x0000000080000000, 0x0000000100000000)
  region size 1024K, 7 young (7168K), 7 survivors (7168K)
 Metaspace       used 205646K, committed 206784K, reserved 1245184K
  class space    used 26320K, committed 26880K, reserved 1048576K
}

