# JRE version: OpenJDK Runtime Environment (17.0.10) (build 17.0.10+0--11609105)
# Java VM: OpenJDK 64-Bit Server VM (17.0.10+0--11609105, mixed mode, tiered, compressed oops, compressed class ptrs, g1 gc, windows-amd64)
GC Precious Log:
 CPUs: 8 total, 8 available
 Memory: 7502M
 Large Page Support: Disabled
 NUMA Support: Disabled
 Compressed Oops: Enabled (32-bit)
 Heap Region Size: 1M
 Heap Min Capacity: 8M
 Heap Initial Capacity: 118M
 Heap Max Capacity: 2G
 Pre-touch: Disabled
 Parallel Workers: 8
 Concurrent Workers: 2
 Concurrent Refinement Workers: 8
 Periodic GC: Disabled
Heap:
 garbage-first heap   total 261120K, used 156814K [0x0000000080000000, 0x0000000100000000)
  region size 1024K, 2 young (2048K), 2 survivors (2048K)
 Metaspace       used 111128K, committed 111936K, reserved 1179648K
  class space    used 15121K, committed 15552K, reserved 1048576K
GC Heap History (20 events):
Event: 29.304 GC heap after
{Heap after GC invocations=46 (full 0):
 garbage-first heap   total 183296K, used 128894K [0x0000000080000000, 0x0000000100000000)
  region size 1024K, 2 young (2048K), 2 survivors (2048K)
 Metaspace       used 96944K, committed 97664K, reserved 1179648K
  class space    used 13110K, committed 13440K, reserved 1048576K
}
Event: 29.997 GC heap before
{Heap before GC invocations=46 (full 0):
 garbage-first heap   total 183296K, used 155518K [0x0000000080000000, 0x0000000100000000)
  region size 1024K, 29 young (29696K), 2 survivors (2048K)
 Metaspace       used 98858K, committed 99648K, reserved 1179648K
  class space    used 13500K, committed 13888K, reserved 1048576K
}
Event: 30.002 GC heap after
{Heap after GC invocations=47 (full 0):
 garbage-first heap   total 183296K, used 129925K [0x0000000080000000, 0x0000000100000000)
  region size 1024K, 3 young (3072K), 3 survivors (3072K)
 Metaspace       used 98858K, committed 99648K, reserved 1179648K
  class space    used 13500K, committed 13888K, reserved 1048576K
}
Event: 30.547 GC heap before
{Heap before GC invocations=47 (full 0):
 garbage-first heap   total 183296K, used 157573K [0x0000000080000000, 0x0000000100000000)
  region size 1024K, 30 young (30720K), 3 survivors (3072K)
 Metaspace       used 100718K, committed 101504K, reserved 1179648K
  class space    used 13766K, committed 14144K, reserved 1048576K
}
Event: 30.552 GC heap after
{Heap after GC invocations=48 (full 0):
 garbage-first heap   total 183296K, used 131061K [0x0000000080000000, 0x0000000100000000)
  region size 1024K, 3 young (3072K), 3 survivors (3072K)
 Metaspace       used 100718K, committed 101504K, reserved 1179648K
  class space    used 13766K, committed 14144K, reserved 1048576K
}
Event: 31.159 GC heap before
{Heap before GC invocations=48 (full 0):
 garbage-first heap   total 183296K, used 158709K [0x0000000080000000, 0x0000000100000000)
  region size 1024K, 30 young (30720K), 3 survivors (3072K)
 Metaspace       used 102653K, committed 103360K, reserved 1179648K
  class space    used 14047K, committed 14400K, reserved 1048576K
}
Event: 31.166 GC heap after
{Heap after GC invocations=49 (full 0):
 garbage-first heap   total 183296K, used 132233K [0x0000000080000000, 0x0000000100000000)
  region size 1024K, 3 young (3072K), 3 survivors (3072K)
 Metaspace       used 102653K, committed 103360K, reserved 1179648K
  class space    used 14047K, committed 14400K, reserved 1048576K
}
Event: 31.632 GC heap before
{Heap before GC invocations=49 (full 0):
 garbage-first heap   total 183296K, used 157833K [0x0000000080000000, 0x0000000100000000)
  region size 1024K, 29 young (29696K), 3 survivors (3072K)
 Metaspace       used 104382K, committed 105152K, reserved 1179648K
  class space    used 14241K, committed 14592K, reserved 1048576K
}
Event: 31.640 GC heap after
{Heap after GC invocations=50 (full 0):
 garbage-first heap   total 183296K, used 135748K [0x0000000080000000, 0x0000000100000000)
  region size 1024K, 4 young (4096K), 4 survivors (4096K)
 Metaspace       used 104382K, committed 105152K, reserved 1179648K
  class space    used 14241K, committed 14592K, reserved 1048576K
}
Event: 31.973 GC heap before
{Heap before GC invocations=50 (full 0):
 garbage-first heap   total 183296K, used 157252K [0x0000000080000000, 0x0000000100000000)
  region size 1024K, 17 young (17408K), 4 survivors (4096K)
 Metaspace       used 106220K, committed 107008K, reserved 1179648K
  class space    used 14386K, committed 14784K, reserved 1048576K
}
Event: 31.979 GC heap after
{Heap after GC invocations=51 (full 0):
 garbage-first heap   total 183296K, used 142306K [0x0000000080000000, 0x0000000100000000)
  region size 1024K, 2 young (2048K), 2 survivors (2048K)
 Metaspace       used 106220K, committed 107008K, reserved 1179648K
  class space    used 14386K, committed 14784K, reserved 1048576K
}
Event: 32.392 GC heap before
{Heap before GC invocations=51 (full 0):
 garbage-first heap   total 183296K, used 164834K [0x0000000080000000, 0x0000000100000000)
  region size 1024K, 18 young (18432K), 2 survivors (2048K)
 Metaspace       used 107854K, committed 108736K, reserved 1179648K
  class space    used 14684K, committed 15104K, reserved 1048576K
}
Event: 32.398 GC heap after
{Heap after GC invocations=52 (full 0):
 garbage-first heap   total 183296K, used 153424K [0x0000000080000000, 0x0000000100000000)
  region size 1024K, 3 young (3072K), 3 survivors (3072K)
 Metaspace       used 107854K, committed 108736K, reserved 1179648K
  class space    used 14684K, committed 15104K, reserved 1048576K
}
Event: 32.475 GC heap before
{Heap before GC invocations=52 (full 0):
 garbage-first heap   total 183296K, used 160592K [0x0000000080000000, 0x0000000100000000)
  region size 1024K, 10 young (10240K), 3 survivors (3072K)
 Metaspace       used 107904K, committed 108736K, reserved 1179648K
  class space    used 14692K, committed 15104K, reserved 1048576K
}
Event: 32.478 GC heap after
{Heap after GC invocations=53 (full 0):
 garbage-first heap   total 183296K, used 153760K [0x0000000080000000, 0x0000000100000000)
  region size 1024K, 1 young (1024K), 1 survivors (1024K)
 Metaspace       used 107904K, committed 108736K, reserved 1179648K
  class space    used 14692K, committed 15104K, reserved 1048576K
}
Event: 32.587 GC heap before
{Heap before GC invocations=53 (full 0):
 garbage-first heap   total 183296K, used 159904K [0x0000000080000000, 0x0000000100000000)
  region size 1024K, 8 young (8192K), 1 survivors (1024K)
 Metaspace       used 108526K, committed 109440K, reserved 1179648K
  class space    used 14776K, committed 15232K, reserved 1048576K
}
Event: 32.590 GC heap after
{Heap after GC invocations=54 (full 0):
 garbage-first heap   total 183296K, used 154256K [0x0000000080000000, 0x0000000100000000)
  region size 1024K, 1 young (1024K), 1 survivors (1024K)
 Metaspace       used 108526K, committed 109440K, reserved 1179648K
  class space    used 14776K, committed 15232K, reserved 1048576K
}
Event: 32.684 GC heap before
{Heap before GC invocations=55 (full 0):
 garbage-first heap   total 261120K, used 160400K [0x0000000080000000, 0x0000000100000000)
  region size 1024K, 8 young (8192K), 1 survivors (1024K)
 Metaspace       used 109689K, committed 110528K, reserved 1179648K
  class space    used 14942K, committed 15360K, reserved 1048576K
}
Event: 32.686 GC heap after
{Heap after GC invocations=56 (full 0):
 garbage-first heap   total 261120K, used 154690K [0x0000000080000000, 0x0000000100000000)
  region size 1024K, 1 young (1024K), 1 survivors (1024K)
 Metaspace       used 109689K, committed 110528K, reserved 1179648K
  class space    used 14942K, committed 15360K, reserved 1048576K
}
Event: 32.858 GC heap before
{Heap before GC invocations=56 (full 0):
 garbage-first heap   total 261120K, used 168002K [0x0000000080000000, 0x0000000100000000)
  region size 1024K, 12 young (12288K), 1 survivors (1024K)
 Metaspace       used 111128K, committed 111936K, reserved 1179648K
  class space    used 15121K, committed 15552K, reserved 1048576K
}

