# JRE version: OpenJDK Runtime Environment (17.0.10) (build 17.0.10+0--11609105)
# Java VM: OpenJDK 64-Bit Server VM (17.0.10+0--11609105, mixed mode, tiered, compressed oops, compressed class ptrs, g1 gc, windows-amd64)
GC Precious Log:
 CPUs: 8 total, 8 available
 Memory: 7502M
 Large Page Support: Disabled
 NUMA Support: Disabled
 Compressed Oops: Enabled (32-bit)
 Heap Region Size: 1M
 Heap Min Capacity: 8M
 Heap Initial Capacity: 118M
 Heap Max Capacity: 2G
 Pre-touch: Disabled
 Parallel Workers: 8
 Concurrent Workers: 2
 Concurrent Refinement Workers: 8
 Periodic GC: Disabled
Heap:
 garbage-first heap   total 179200K, used 107151K [0x0000000080000000, 0x0000000100000000)
  region size 1024K, 4 young (4096K), 4 survivors (4096K)
 Metaspace       used 73487K, committed 74176K, reserved 1114112K
  class space    used 9862K, committed 10176K, reserved 1048576K
GC Heap History (20 events):
Event: 16.704 GC heap after
{Heap after GC invocations=35 (full 0):
 garbage-first heap   total 124928K, used 72283K [0x0000000080000000, 0x0000000100000000)
  region size 1024K, 1 young (1024K), 1 survivors (1024K)
 Metaspace       used 57537K, committed 58112K, reserved 1114112K
  class space    used 7800K, committed 8064K, reserved 1048576K
}
Event: 17.335 GC heap before
{Heap before GC invocations=35 (full 0):
 garbage-first heap   total 124928K, used 94811K [0x0000000080000000, 0x0000000100000000)
  region size 1024K, 23 young (23552K), 1 survivors (1024K)
 Metaspace       used 59639K, committed 60224K, reserved 1114112K
  class space    used 8180K, committed 8448K, reserved 1048576K
}
Event: 17.339 GC heap after
{Heap after GC invocations=36 (full 0):
 garbage-first heap   total 150528K, used 73662K [0x0000000080000000, 0x0000000100000000)
  region size 1024K, 2 young (2048K), 2 survivors (2048K)
 Metaspace       used 59639K, committed 60224K, reserved 1114112K
  class space    used 8180K, committed 8448K, reserved 1048576K
}
Event: 18.716 GC heap before
{Heap before GC invocations=37 (full 0):
 garbage-first heap   total 150528K, used 111550K [0x0000000080000000, 0x0000000100000000)
  region size 1024K, 40 young (40960K), 2 survivors (2048K)
 Metaspace       used 61982K, committed 62592K, reserved 1114112K
  class space    used 8485K, committed 8768K, reserved 1048576K
}
Event: 18.725 GC heap after
{Heap after GC invocations=38 (full 0):
 garbage-first heap   total 150528K, used 79257K [0x0000000080000000, 0x0000000100000000)
  region size 1024K, 5 young (5120K), 5 survivors (5120K)
 Metaspace       used 61982K, committed 62592K, reserved 1114112K
  class space    used 8485K, committed 8768K, reserved 1048576K
}
Event: 18.749 GC heap before
{Heap before GC invocations=38 (full 0):
 garbage-first heap   total 150528K, used 81305K [0x0000000080000000, 0x0000000100000000)
  region size 1024K, 7 young (7168K), 5 survivors (5120K)
 Metaspace       used 61992K, committed 62592K, reserved 1114112K
  class space    used 8485K, committed 8768K, reserved 1048576K
}
Event: 18.755 GC heap after
{Heap after GC invocations=39 (full 0):
 garbage-first heap   total 150528K, used 79732K [0x0000000080000000, 0x0000000100000000)
  region size 1024K, 1 young (1024K), 1 survivors (1024K)
 Metaspace       used 61992K, committed 62592K, reserved 1114112K
  class space    used 8485K, committed 8768K, reserved 1048576K
}
Event: 19.162 GC heap before
{Heap before GC invocations=39 (full 0):
 garbage-first heap   total 150528K, used 114548K [0x0000000080000000, 0x0000000100000000)
  region size 1024K, 36 young (36864K), 1 survivors (1024K)
 Metaspace       used 62313K, committed 62976K, reserved 1114112K
  class space    used 8500K, committed 8832K, reserved 1048576K
}
Event: 19.167 GC heap after
{Heap after GC invocations=40 (full 0):
 garbage-first heap   total 150528K, used 82195K [0x0000000080000000, 0x0000000100000000)
  region size 1024K, 4 young (4096K), 4 survivors (4096K)
 Metaspace       used 62313K, committed 62976K, reserved 1114112K
  class space    used 8500K, committed 8832K, reserved 1048576K
}
Event: 20.146 GC heap before
{Heap before GC invocations=41 (full 0):
 garbage-first heap   total 150528K, used 131347K [0x0000000080000000, 0x0000000100000000)
  region size 1024K, 38 young (38912K), 4 survivors (4096K)
 Metaspace       used 63923K, committed 64640K, reserved 1114112K
  class space    used 8714K, committed 9024K, reserved 1048576K
}
Event: 20.150 GC heap after
{Heap after GC invocations=42 (full 0):
 garbage-first heap   total 150528K, used 104293K [0x0000000080000000, 0x0000000100000000)
  region size 1024K, 5 young (5120K), 5 survivors (5120K)
 Metaspace       used 63923K, committed 64640K, reserved 1114112K
  class space    used 8714K, committed 9024K, reserved 1048576K
}
Event: 20.193 GC heap before
{Heap before GC invocations=42 (full 0):
 garbage-first heap   total 150528K, used 105317K [0x0000000080000000, 0x0000000100000000)
  region size 1024K, 7 young (7168K), 5 survivors (5120K)
 Metaspace       used 64063K, committed 64768K, reserved 1114112K
  class space    used 8729K, committed 9024K, reserved 1048576K
}
Event: 20.195 GC heap after
{Heap after GC invocations=43 (full 0):
 garbage-first heap   total 150528K, used 103212K [0x0000000080000000, 0x0000000100000000)
  region size 1024K, 1 young (1024K), 1 survivors (1024K)
 Metaspace       used 64063K, committed 64768K, reserved 1114112K
  class space    used 8729K, committed 9024K, reserved 1048576K
}
Event: 20.632 GC heap before
{Heap before GC invocations=43 (full 0):
 garbage-first heap   total 150528K, used 122668K [0x0000000080000000, 0x0000000100000000)
  region size 1024K, 21 young (21504K), 1 survivors (1024K)
 Metaspace       used 65672K, committed 66368K, reserved 1114112K
  class space    used 8954K, committed 9280K, reserved 1048576K
}
Event: 20.634 GC heap after
{Heap after GC invocations=44 (full 0):
 garbage-first heap   total 150528K, used 103375K [0x0000000080000000, 0x0000000100000000)
  region size 1024K, 1 young (1024K), 1 survivors (1024K)
 Metaspace       used 65672K, committed 66368K, reserved 1114112K
  class space    used 8954K, committed 9280K, reserved 1048576K
}
Event: 21.138 GC heap before
{Heap before GC invocations=45 (full 0):
 garbage-first heap   total 179200K, used 124879K [0x0000000080000000, 0x0000000100000000)
  region size 1024K, 22 young (22528K), 1 survivors (1024K)
 Metaspace       used 68034K, committed 68736K, reserved 1114112K
  class space    used 9191K, committed 9536K, reserved 1048576K
}
Event: 21.141 GC heap after
{Heap after GC invocations=46 (full 0):
 garbage-first heap   total 179200K, used 103840K [0x0000000080000000, 0x0000000100000000)
  region size 1024K, 1 young (1024K), 1 survivors (1024K)
 Metaspace       used 68034K, committed 68736K, reserved 1114112K
  class space    used 9191K, committed 9536K, reserved 1048576K
}
Event: 21.274 GC heap before
{Heap before GC invocations=46 (full 0):
 garbage-first heap   total 179200K, used 109984K [0x0000000080000000, 0x0000000100000000)
  region size 1024K, 8 young (8192K), 1 survivors (1024K)
 Metaspace       used 68705K, committed 69440K, reserved 1114112K
  class space    used 9245K, committed 9600K, reserved 1048576K
}
Event: 21.278 GC heap after
{Heap after GC invocations=47 (full 0):
 garbage-first heap   total 179200K, used 103311K [0x0000000080000000, 0x0000000100000000)
  region size 1024K, 1 young (1024K), 1 survivors (1024K)
 Metaspace       used 68705K, committed 69440K, reserved 1114112K
  class space    used 9245K, committed 9600K, reserved 1048576K
}
Event: 22.316 GC heap before
{Heap before GC invocations=47 (full 0):
 garbage-first heap   total 179200K, used 146319K [0x0000000080000000, 0x0000000100000000)
  region size 1024K, 42 young (43008K), 1 survivors (1024K)
 Metaspace       used 73487K, committed 74176K, reserved 1114112K
  class space    used 9862K, committed 10176K, reserved 1048576K
}

