# JRE version: OpenJDK Runtime Environment (17.0.10) (build 17.0.10+0--11609105)
# Java VM: OpenJDK 64-Bit Server VM (17.0.10+0--11609105, mixed mode, tiered, compressed oops, compressed class ptrs, g1 gc, windows-amd64)
GC Precious Log:
 CPUs: 8 total, 8 available
 Memory: 7502M
 Large Page Support: Disabled
 NUMA Support: Disabled
 Compressed Oops: Enabled (32-bit)
 Heap Region Size: 1M
 Heap Min Capacity: 8M
 Heap Initial Capacity: 118M
 Heap Max Capacity: 2G
 Pre-touch: Disabled
 Parallel Workers: 8
 Concurrent Workers: 2
 Concurrent Refinement Workers: 8
 Periodic GC: Disabled
Heap:
 garbage-first heap   total 271360K, used 171017K [0x0000000080000000, 0x0000000100000000)
  region size 1024K, 12 young (12288K), 1 survivors (1024K)
 Metaspace       used 123513K, committed 124416K, reserved 1179648K
  class space    used 16675K, committed 17088K, reserved 1048576K
GC Heap History (20 events):
Event: 26.556 GC heap before
{Heap before GC invocations=42 (full 0):
 garbage-first heap   total 198656K, used 168359K [0x0000000080000000, 0x0000000100000000)
  region size 1024K, 44 young (45056K), 3 survivors (3072K)
 Metaspace       used 94783K, committed 95552K, reserved 1179648K
  class space    used 13009K, committed 13376K, reserved 1048576K
}
Event: 26.563 GC heap after
{Heap after GC invocations=43 (full 0):
 garbage-first heap   total 198656K, used 128209K [0x0000000080000000, 0x0000000100000000)
  region size 1024K, 5 young (5120K), 5 survivors (5120K)
 Metaspace       used 94783K, committed 95552K, reserved 1179648K
  class space    used 13009K, committed 13376K, reserved 1048576K
}
Event: 27.379 GC heap before
{Heap before GC invocations=43 (full 0):
 garbage-first heap   total 198656K, used 167121K [0x0000000080000000, 0x0000000100000000)
  region size 1024K, 44 young (45056K), 5 survivors (5120K)
 Metaspace       used 97564K, committed 98368K, reserved 1179648K
  class space    used 13396K, committed 13760K, reserved 1048576K
}
Event: 27.387 GC heap after
{Heap after GC invocations=44 (full 0):
 garbage-first heap   total 198656K, used 130568K [0x0000000080000000, 0x0000000100000000)
  region size 1024K, 5 young (5120K), 5 survivors (5120K)
 Metaspace       used 97564K, committed 98368K, reserved 1179648K
  class space    used 13396K, committed 13760K, reserved 1048576K
}
Event: 28.014 GC heap before
{Heap before GC invocations=44 (full 0):
 garbage-first heap   total 198656K, used 166408K [0x0000000080000000, 0x0000000100000000)
  region size 1024K, 29 young (29696K), 5 survivors (5120K)
 Metaspace       used 100029K, committed 100800K, reserved 1179648K
  class space    used 13594K, committed 13952K, reserved 1048576K
}
Event: 28.025 GC heap after
{Heap after GC invocations=45 (full 0):
 garbage-first heap   total 198656K, used 143574K [0x0000000080000000, 0x0000000100000000)
  region size 1024K, 6 young (6144K), 6 survivors (6144K)
 Metaspace       used 100029K, committed 100800K, reserved 1179648K
  class space    used 13594K, committed 13952K, reserved 1048576K
}
Event: 28.581 GC heap before
{Heap before GC invocations=45 (full 0):
 garbage-first heap   total 198656K, used 172246K [0x0000000080000000, 0x0000000100000000)
  region size 1024K, 30 young (30720K), 6 survivors (6144K)
 Metaspace       used 101887K, committed 102656K, reserved 1179648K
  class space    used 13924K, committed 14272K, reserved 1048576K
}
Event: 28.588 GC heap after
{Heap after GC invocations=46 (full 0):
 garbage-first heap   total 198656K, used 150488K [0x0000000080000000, 0x0000000100000000)
  region size 1024K, 3 young (3072K), 3 survivors (3072K)
 Metaspace       used 101887K, committed 102656K, reserved 1179648K
  class space    used 13924K, committed 14272K, reserved 1048576K
}
Event: 28.677 GC heap before
{Heap before GC invocations=46 (full 0):
 garbage-first heap   total 198656K, used 156632K [0x0000000080000000, 0x0000000100000000)
  region size 1024K, 10 young (10240K), 3 survivors (3072K)
 Metaspace       used 102869K, committed 103616K, reserved 1179648K
  class space    used 14042K, committed 14400K, reserved 1048576K
}
Event: 28.682 GC heap after
{Heap after GC invocations=47 (full 0):
 garbage-first heap   total 198656K, used 151166K [0x0000000080000000, 0x0000000100000000)
  region size 1024K, 1 young (1024K), 1 survivors (1024K)
 Metaspace       used 102869K, committed 103616K, reserved 1179648K
  class space    used 14042K, committed 14400K, reserved 1048576K
}
Event: 28.993 GC heap before
{Heap before GC invocations=48 (full 0):
 garbage-first heap   total 271360K, used 172670K [0x0000000080000000, 0x0000000100000000)
  region size 1024K, 20 young (20480K), 1 survivors (1024K)
 Metaspace       used 105425K, committed 106304K, reserved 1179648K
  class space    used 14400K, committed 14784K, reserved 1048576K
}
Event: 28.997 GC heap after
{Heap after GC invocations=49 (full 0):
 garbage-first heap   total 271360K, used 155383K [0x0000000080000000, 0x0000000100000000)
  region size 1024K, 2 young (2048K), 2 survivors (2048K)
 Metaspace       used 105425K, committed 106304K, reserved 1179648K
  class space    used 14400K, committed 14784K, reserved 1048576K
}
Event: 29.250 GC heap before
{Heap before GC invocations=49 (full 0):
 garbage-first heap   total 271360K, used 167671K [0x0000000080000000, 0x0000000100000000)
  region size 1024K, 13 young (13312K), 2 survivors (2048K)
 Metaspace       used 107269K, committed 108096K, reserved 1179648K
  class space    used 14544K, committed 14912K, reserved 1048576K
}
Event: 29.255 GC heap after
{Heap after GC invocations=50 (full 0):
 garbage-first heap   total 271360K, used 154186K [0x0000000080000000, 0x0000000100000000)
  region size 1024K, 1 young (1024K), 1 survivors (1024K)
 Metaspace       used 107269K, committed 108096K, reserved 1179648K
  class space    used 14544K, committed 14912K, reserved 1048576K
}
Event: 30.672 GC heap before
{Heap before GC invocations=50 (full 0):
 garbage-first heap   total 271360K, used 212554K [0x0000000080000000, 0x0000000100000000)
  region size 1024K, 58 young (59392K), 1 survivors (1024K)
 Metaspace       used 113098K, committed 113984K, reserved 1179648K
  class space    used 15380K, committed 15808K, reserved 1048576K
}
Event: 30.681 GC heap after
{Heap after GC invocations=51 (full 0):
 garbage-first heap   total 271360K, used 156755K [0x0000000080000000, 0x0000000100000000)
  region size 1024K, 3 young (3072K), 3 survivors (3072K)
 Metaspace       used 113098K, committed 113984K, reserved 1179648K
  class space    used 15380K, committed 15808K, reserved 1048576K
}
Event: 32.327 GC heap before
{Heap before GC invocations=52 (full 0):
 garbage-first heap   total 271360K, used 217171K [0x0000000080000000, 0x0000000100000000)
  region size 1024K, 62 young (63488K), 3 survivors (3072K)
 Metaspace       used 119952K, committed 120896K, reserved 1179648K
  class space    used 16223K, committed 16640K, reserved 1048576K
}
Event: 32.338 GC heap after
{Heap after GC invocations=53 (full 0):
 garbage-first heap   total 271360K, used 161319K [0x0000000080000000, 0x0000000100000000)
  region size 1024K, 8 young (8192K), 8 survivors (8192K)
 Metaspace       used 119952K, committed 120896K, reserved 1179648K
  class space    used 16223K, committed 16640K, reserved 1048576K
}
Event: 32.479 GC heap before
{Heap before GC invocations=53 (full 0):
 garbage-first heap   total 271360K, used 166439K [0x0000000080000000, 0x0000000100000000)
  region size 1024K, 13 young (13312K), 8 survivors (8192K)
 Metaspace       used 120460K, committed 121344K, reserved 1179648K
  class space    used 16301K, committed 16704K, reserved 1048576K
}
Event: 32.494 GC heap after
{Heap after GC invocations=54 (full 0):
 garbage-first heap   total 271360K, used 160777K [0x0000000080000000, 0x0000000100000000)
  region size 1024K, 1 young (1024K), 1 survivors (1024K)
 Metaspace       used 120460K, committed 121344K, reserved 1179648K
  class space    used 16301K, committed 16704K, reserved 1048576K
}

